1571856147.23
H 0.05514 left
H 0.22418 left
H 0.234932 right
D 0.179792 diff 
H 0.393856 left
H 0.531432 right
D 0.137588 diff 
H 0.563532 left
H 0.743384 left
H 0.8387 right
D 0.275168 diff 
H 0.913076 left
H 1.092924 left
H 1.114248 right
D 0.201176 diff 
H 1.262608 left
H 1.442464 right
D 0.17986 diff 
H 1.442868 left
H 1.622732 left
H 1.728604 right
D 0.28574 diff 
H 1.80298 left
H 1.99342 left
H 2.057012 right
D 0.254036 diff 
H 2.1631 left
H 2.332392 left
H 2.343148 right
D 0.180052 diff 
H 2.523188 left
H 2.639624 right
D 0.116436 diff 
H 2.692864 left
H 2.872708 left
H 2.925736 right
D 0.232876 diff 
H 3.05294 left
H 3.190508 right
D 0.137564 diff 
H 3.23318 left
H 3.423596 left
H 3.44492 right
D 0.211744 diff 
H 3.603828 left
H 3.720256 right
D 0.116428 diff 
H 3.784072 left
H 3.963924 left
H 3.995812 right
D 0.211736 diff 
H 4.154724 left
H 4.2923 right
D 0.137576 diff 
H 4.33498 left
H 4.51484 left
H 4.589 right
D 0.254016 diff 
H 4.684504 left
H 4.864356 left
H 4.88568 right
D 0.20118 diff 
H 5.034028 left
H 5.161036 right
D 0.127012 diff 
H 5.214272 left
H 5.373 left
H 5.489432 right
D 0.27516 diff 
H 5.55324 left
H 5.733088 right
D 0.179848 diff 
H 5.754624 left
H 5.923912 left
H 6.04034 right
D 0.285716 diff 
H 6.104148 left
H 6.273436 left
H 6.305328 right
D 0.201184 diff 
H 6.453672 left
H 6.612388 right
D 0.158716 diff 
H 6.63392 left
H 6.824328 left
H 6.887924 right
D 0.254004 diff 
H 6.993992 left
H 7.173836 right
D 0.17984 diff 
H 7.174236 left
H 7.354088 left
H 7.438824 right
D 0.264588 diff 
H 7.52376 left
H 7.714188 left
H 7.756648 right
D 0.232892 diff 
H 7.904996 left
H 8.032004 right
D 0.127008 diff 
H 8.08524 left
H 8.254516 left
H 8.307544 right
D 0.222308 diff 
H 8.44532 left
H 8.582888 right
D 0.137564 diff 
H 8.625564 left
H 8.794844 left
H 8.879576 right
D 0.254012 diff 
H 8.975088 left
H 9.15494 left
H 9.18684 right
D 0.211752 diff 
H 9.345756 left
H 9.441056 right
D 0.0953 diff 
H 9.525992 left
H 9.705844 left
H 9.7166 right
D 0.190612 diff 
H 9.886088 left
H 10.002516 right
D 0.116424 diff 
H 10.055752 left
H 10.225032 left
H 10.27806 right
D 0.222312 diff 
H 10.405268 left
H 10.563972 right
D 0.158704 diff 
H 10.585504 left
H 10.754784 left
H 10.807824 right
D 0.222324 diff 
H 10.945608 left
H 11.062044 right
D 0.11644 diff 
H 11.12586 left
H 11.3057 left
H 11.3376 right
D 0.211748 diff 
H 11.485948 left
H 11.612948 right
D 0.127 diff 
H 11.645052 left
H 11.824892 left
H 11.87792 right
D 0.232868 diff 
H 12.005132 left
H 12.163848 right
D 0.15872 diff 
H 12.164248 left
H 12.35466 left
H 12.481664 right
D 0.317416 diff 
H 12.5349 left
H 12.714764 left
H 12.746652 right
D 0.21176 diff 
H 12.895004 left
H 13.053716 right
D 0.158716 diff 
H 13.064684 left
H 13.24454 left
H 13.318712 right
D 0.254028 diff 
H 13.403648 left
H 13.594072 left
H 13.615396 right
D 0.211748 diff 
H 13.774304 left
H 13.880172 right
D 0.105876 diff 
H 13.965116 left
H 14.123828 left
H 14.15572 right
D 0.190612 diff 
H 14.30406 left
H 14.462772 right
D 0.158712 diff 
H 14.484308 left
H 14.664152 left
H 14.759452 right
D 0.27514 diff 
H 14.833832 left
H 14.981984 left
H 15.066712 right
D 0.23288 diff 
H 15.141084 left
H 15.32094 left
H 15.342272 right
D 0.201188 diff 
H 15.48006 left
H 15.6282 right
D 0.148152 diff 
H 15.64974 left
H 15.81904 left
H 15.91434 right
D 0.264596 diff 
H 15.9993 left
H 16.179172 left
H 16.2005 right
D 0.201204 diff 
H 16.359432 left
H 16.528716 right
D 0.169284 diff 
H 16.539688 left
H 16.708992 left
H 16.835988 right
D 0.296308 diff 
H 16.889232 left
H 17.069088 left
H 17.164392 right
D 0.27516 diff 
H 17.249344 left
H 17.4292 right
D 0.17986 diff 
H 17.429608 left
H 17.5989 left
H 17.768172 right
D 0.33856 diff 
H 17.810844 left
H 17.990708 left
H 18.075448 right
D 0.264604 diff 
H 18.160388 left
H 18.319096 left
B 1
H 18.372124 right
D 0.21174 diff 
H 18.509912 left
H 18.668636 right
D 0.158728 diff 
H 18.690168 left
H 18.880592 left
H 19.007608 right
D 0.317436 diff 
H 19.06084 left
H 19.251264 left
H 19.336 right
D 0.27516 diff 
H 19.442076 left
H 19.59022 right
D 0.148144 diff 
H 19.62232 left
H 19.802176 left
H 19.886908 right
D 0.264584 diff 
H 19.961284 left
H 20.120004 right
D 0.158724 diff 
H 20.141544 left
H 20.310824 left
H 20.437816 right
D 0.296272 diff 
H 20.491064 left
H 20.681488 left
H 20.692244 right
D 0.201184 diff 
H 20.851156 left
H 20.97816 right
D 0.127004 diff 
H 21.031392 left
H 21.200672 left
H 21.33824 right
D 0.306848 diff 
H 21.391476 left
H 21.560748 left
H 21.634916 right
D 0.243444 diff 
H 21.741 left
H 21.920848 left
H 21.931604 right
D 0.190604 diff 
H 22.101092 left
H 22.249236 right
D 0.148148 diff 
H 22.281344 left
H 22.440064 left
H 22.524804 right
D 0.243464 diff 
H 22.620328 left
H 22.810756 right
D 0.190432 diff 
H 22.811156 left
H 22.98046 left
H 23.107476 right
D 0.296332 diff 
H 23.160724 left
H 23.372308 left
H 23.393644 right
D 0.232916 diff 
H 23.563156 left
H 23.679632 right
D 0.116472 diff 
H 23.743456 left
H 23.933896 left
H 23.955228 right
D 0.211768 diff 
H 24.11416 left
H 24.27288 right
D 0.158724 diff 
H 24.305 left
H 24.49542 left
H 24.537884 right
D 0.23288 diff 
H 24.665108 left
H 24.823836 right
D 0.158728 diff 
H 24.845376 left
H 25.004104 left
H 25.0994 right
D 0.254024 diff 
H 25.19492 left
H 25.353644 left
H 25.406676 right
D 0.211752 diff 
H 25.555044 left
H 25.69262 right
D 0.13758 diff 
H 25.71416 left
H 25.915144 left
H 25.97874 right
D 0.264588 diff 
H 26.08482 left
H 26.2541 right
D 0.16928 diff 
H 26.265068 left
H 26.444936 left
H 26.550812 right
D 0.285744 diff 
H 26.614624 left
H 26.78392 left
H 26.805244 right
D 0.19062 diff 
H 26.953616 left
H 27.08064 right
D 0.127024 diff 
H 27.144448 left
H 27.303172 left
H 27.377344 right
D 0.2329 diff 
H 27.493996 left
H 27.642148 right
D 0.148152 diff 
H 27.684816 left
H 27.85412 left
H 27.917712 right
D 0.232892 diff 
H 28.04494 left
H 28.20366 right
D 0.158724 diff 
H 28.214636 left
H 28.373364 left
H 28.46866 right
D 0.254028 diff 
H 28.564172 left
H 28.744044 left
H 28.797068 right
D 0.232896 diff 
H 28.945428 left
H 29.09358 right
D 0.148156 diff 
H 29.115124 left
H 29.29498 left
H 29.369152 right
D 0.254032 diff 
H 29.4858 left
H 29.623388 right
D 0.137588 diff 
H 29.666056 left
H 29.835348 left
H 29.920088 right
D 0.25404 diff 
H 30.026164 left
H 30.21658 right
D 0.190412 diff 
H 30.216976 left
H 30.396832 left
H 30.492136 right
D 0.27516 diff 
H 30.598216 left
H 30.767504 left
H 30.778264 right
D 0.180056 diff 
H 30.979456 left
H 31.04306 right
D 0.063604 diff 
H 31.170268 left
H 31.318408 right
D 0.148144 diff 
H 31.392796 left
H 31.58322 right
D 0.190436 diff 
H 31.61534 left
H 31.80576 left
H 31.869356 right
D 0.254016 diff 
H 31.964872 left
H 32.144736 left
H 32.16606 right
D 0.201192 diff 
H 32.324992 left
H 32.504844 left
H 32.5156 right
D 0.190608 diff 
H 32.685088 left
H 32.801536 right
D 0.116452 diff 
H 32.865352 left
H 33.055776 left
H 33.06654 right
D 0.201192 diff 
H 33.257164 left
H 33.352472 right
D 0.095304 diff 
H 33.447988 left
H 33.61728 right
D 0.169296 diff 
H 33.628248 left
H 33.808112 left
H 33.924556 right
D 0.296308 diff 
H 33.988364 left
H 34.189348 right
D 0.200984 diff 
H 34.189748 left
H 34.401324 left
H 34.486064 right
D 0.29632 diff 
H 34.602712 left
H 34.75086 right
D 0.148148 diff 
H 34.782956 left
H 34.973388 left
H 35.005284 right
D 0.222336 diff 
H 35.132516 left
H 35.259528 right
D 0.127012 diff 
H 35.312764 left
H 35.503192 left
H 35.566792 right
D 0.254028 diff 
H 35.70458 left
H 35.831604 right
D 0.127024 diff 
H 35.916544 left
H 36.085836 right
D 0.169292 diff 
H 36.11794 left
H 36.308364 left
H 36.340256 right
D 0.222316 diff 
H 36.49918 left
H 36.6579 right
D 0.15872 diff 
H 36.668868 left
H 36.859284 left
H 36.944016 right
D 0.275152 diff 
H 37.028964 left
H 37.229956 left
H 37.240712 right
D 0.211756 diff 
H 37.43134 left
H 37.51608 right
D 0.084744 diff 
H 37.63272 left
H 37.780872 right
D 0.148152 diff 
H 37.812972 left
H 37.992836 left
H 38.08814 right
D 0.275168 diff 
H 38.173076 left
H 38.352932 right
D 0.179856 diff 
H 38.353332 left
B 2
H 38.533204 left
H 38.63908 right
D 0.285752 diff 
H 38.713448 left
H 38.903872 left
H 38.9252 right
D 0.211756 diff 
H 39.052416 right
H 39.084328 left
D -0.031908 diff 
H 39.274928 left
H 39.3491 right
D 0.07418 diff 
H 39.465764 left
H 39.645608 right
D 0.179848 diff 
H 39.656572 left
H 39.846996 left
H 39.952864 right
D 0.296292 diff 
H 40.02724 left
H 40.238792 left
H 40.260116 right
D 0.23288 diff 
H 40.419044 left
H 40.577772 right
D 0.158728 diff 
H 40.599312 left
H 40.8003 left
H 40.874472 right
D 0.27516 diff 
H 40.991112 left
H 41.139256 right
D 0.148144 diff 
H 41.192496 left
H 41.38294 left
H 41.4254 right
D 0.232904 diff 
H 41.563184 left
H 41.75362 right
D 0.190436 diff 
H 41.75402 left
H 41.95502 left
H 42.018612 right
D 0.264588 diff 
H 42.124688 left
H 42.304544 right
D 0.179852 diff 
H 42.336656 left
H 42.516524 left
H 42.590696 right
D 0.25404 diff 
H 42.717912 left
H 42.908352 left
H 42.940252 right
D 0.222348 diff 
H 43.109756 left
H 43.236752 right
D 0.126996 diff 
H 43.30056 left
H 43.480424 left
H 43.533452 right
D 0.232896 diff 
H 43.639548 left
H 43.819408 left
H 43.8513 right
D 0.211752 diff 
H 44.010228 left
H 44.158372 right
D 0.148144 diff 
H 44.190472 left
H 44.380892 left
H 44.455056 right
D 0.264588 diff 
H 44.582268 left
H 44.762108 right
D 0.179848 diff 
H 44.773084 left
H 44.963516 left
H 45.01654 right
D 0.243456 diff 
H 45.1649 left
H 45.281344 right
D 0.116444 diff 
H 45.345156 left
H 45.546152 left
H 45.59918 right
D 0.254024 diff 
H 45.736972 left
H 45.87456 right
D 0.137588 diff 
H 45.938364 left
H 46.13936 left
H 46.171264 right
D 0.232896 diff 
H 46.330196 left
H 46.457216 right
D 0.12702 diff 
H 46.510464 left
H 46.700896 left
H 46.77506 right
D 0.264596 diff 
H 46.881152 left
H 47.082144 right
D 0.200992 diff 
H 47.082552 left
H 47.283572 left
H 47.336596 right
D 0.25404 diff 
H 47.47438 left
H 47.611964 right
D 0.13758 diff 
H 47.665208 left
H 47.855644 left
H 47.876972 right
D 0.211772 diff 
H 48.057036 left
H 48.15234 right
D 0.095304 diff 
H 48.24786 left
H 48.396012 right
D 0.148152 diff 
H 48.449256 left
H 48.650264 left
H 48.703292 right
D 0.254036 diff 
H 48.862216 left
H 48.9681 right
D 0.105884 diff 
H 49.06362 left
H 49.22234 right
D 0.158724 diff 
H 49.254452 left
H 49.45546 left
H 49.550756 right
D 0.296308 diff 
H 49.646284 left
H 49.836704 right
D 0.19042 diff 
H 49.837108 left
H 50.038116 left
H 50.122844 right
D 0.285728 diff 
H 50.21836 left
H 50.387644 right
D 0.169284 diff 
H 50.388048 left
H 50.6102 left
H 50.673796 right
D 0.285744 diff 
H 50.779876 left
H 50.959724 right
D 0.179852 diff 
H 50.960124 left
H 51.139976 left
H 51.224712 right
D 0.264584 diff 
H 51.330788 left
H 51.500088 right
D 0.169304 diff 
H 51.500488 left
H 51.712052 left
H 51.849624 right
D 0.34914 diff 
H 51.902864 left
H 52.093288 left
H 52.135748 right
D 0.232888 diff 
H 52.284108 left
H 52.442824 right
D 0.158712 diff 
H 52.485504 left
H 52.665372 left
H 52.728968 right
D 0.24346 diff 
H 52.866752 left
H 53.004324 right
D 0.137576 diff 
H 53.068148 left
H 53.269144 left
H 53.343308 right
D 0.27516 diff 
H 53.481112 left
H 53.618704 right
D 0.137592 diff 
H 53.661372 left
H 53.851796 left
H 53.925956 right
D 0.264584 diff 
H 54.074328 left
H 54.222484 right
D 0.148152 diff 
H 54.265164 left
H 54.455608 left
H 54.466368 right
D 0.201208 diff 
H 54.646444 left
H 54.741744 right
D 0.0953 diff 
H 54.816132 left
H 54.985416 right
D 0.169284 diff 
H 55.017524 left
H 55.218548 left
H 55.33498 right
D 0.317452 diff 
H 55.38822 left
H 55.578668 left
H 55.631692 right
D 0.243472 diff 
H 55.727208 left
H 55.938772 left
H 55.981232 right
D 0.254028 diff 
H 56.140152 left
H 56.298876 right
D 0.158728 diff 
H 56.352116 left
H 56.553104 left
H 56.63784 right
D 0.28572 diff 
H 56.743924 left
H 56.913212 right
D 0.169284 diff 
H 56.924184 left
H 57.146324 left
H 57.23106 right
D 0.30688 diff 
H 57.3266 left
H 57.506476 left
H 57.538368 right
D 0.211764 diff 
H 57.707876 left
H 57.803176 right
D 0.0953 diff 
H 57.898692 left
H 58.099676 left
H 58.11044 right
D 0.211752 diff 
H 58.279944 left
B 3
H 58.396396 right
D 0.116452 diff 
H 58.47078 left
H 58.661204 left
H 58.682528 right
D 0.211752 diff 
H 58.852012 left
H 59.000164 right
D 0.148148 diff 
H 59.032272 left
H 59.243848 right
D 0.211576 diff 
H 59.244248 left
H 59.434688 left
H 59.529988 right
D 0.28574 diff 
H 59.625508 left
H 59.794796 right
D 0.169288 diff 
H 59.816336 left
H 60.01734 left
H 60.059808 right
D 0.243476 diff 
H 60.187024 left
H 60.324616 right
D 0.137592 diff 
H 60.377864 left
H 60.568288 left
H 60.610752 right
D 0.232888 diff 
H 60.769668 left
H 60.928384 right
D 0.158716 diff 
H 60.981624 left
H 61.172064 left
H 61.21452 right
D 0.232896 diff 
H 61.362876 left
H 61.50046 right
D 0.13758 diff 
H 61.564268 left
H 61.744116 left
H 61.797152 right
D 0.232884 diff 
H 61.945512 left
H 62.061956 right
D 0.116444 diff 
H 62.146904 left
H 62.358484 left
H 62.369244 right
D 0.22234 diff 
H 62.53874 left
H 62.634048 right
D 0.095304 diff 
H 62.719 left
H 62.909428 left
H 62.920192 right
D 0.201192 diff 
H 63.121396 left
H 63.216704 right
D 0.095304 diff 
H 63.312228 left
H 63.502668 left
H 63.5557 right
D 0.243472 diff 
H 63.682932 left
H 63.831076 right
D 0.148148 diff 
H 63.873752 left
H 64.05362 left
H 64.106644 right
D 0.232896 diff 
H 64.255012 left
H 64.445452 right
D 0.190436 diff 
H 64.445848 left
H 64.636288 left
H 64.742152 right
D 0.296296 diff 
H 64.837668 left
H 65.03866 right
D 0.200992 diff 
H 65.049636 left
H 65.240072 left
H 65.314236 right
D 0.264604 diff 
H 65.420324 left
H 65.600188 right
D 0.179868 diff 
H 65.600596 left
H 65.780464 left
H 65.918044 right
D 0.317444 diff 
H 65.97128 left
H 66.161708 left
H 66.225312 right
D 0.254032 diff 
H 66.363088 left
H 66.532372 right
D 0.169284 diff 
H 66.54334 left
H 66.754924 left
H 66.83966 right
D 0.296316 diff 
H 66.945752 left
H 67.125612 right
D 0.179864 diff 
H 67.168292 left
H 67.348164 left
H 67.422324 right
D 0.254032 diff 
H 67.549556 left
H 67.697704 right
D 0.148152 diff 
H 67.740376 left
H 67.930816 left
H 68.015548 right
D 0.275176 diff 
H 68.121636 left
H 68.3015 right
D 0.179868 diff 
H 68.301904 left
H 68.481764 left
H 68.598196 right
D 0.29628 diff 
H 68.672576 left
H 68.873572 left
H 68.905464 right
D 0.232888 diff 
H 69.064396 left
H 69.201976 right
D 0.13758 diff 
H 69.255228 left
H 69.466804 left
H 69.519836 right
D 0.264608 diff 
H 69.636492 left
H 69.805768 right
D 0.169276 diff 
H 69.83788 left
H 70.01774 left
H 70.102468 right
D 0.264592 diff 
H 70.208552 left
H 70.367276 left
H 70.399176 right
D 0.190624 diff 
H 70.558088 left
H 70.663956 right
D 0.105868 diff 
H 70.770036 left
H 70.949896 left
H 70.981792 right
D 0.211756 diff 
H 71.151292 left
H 71.2466 right
D 0.095312 diff 
H 71.342116 left
H 71.543116 left
H 71.553876 right
D 0.211764 diff 
H 71.76564 left
H 71.871512 right
D 0.105876 diff 
H 71.967036 left
H 72.136324 left
H 72.157652 right
D 0.190616 diff 
H 72.32716 left
H 72.454184 right
D 0.12702 diff 
H 72.518004 left
H 72.687292 left
H 72.72976 right
D 0.211756 diff 
H 72.888692 left
H 73.005132 right
D 0.116444 diff 
H 73.079508 left
H 73.2805 right
D 0.201004 diff 
H 73.280908 left
H 73.471348 left
H 73.53494 right
D 0.254028 diff 
H 73.683308 left
H 73.831456 right
D 0.148152 diff 
H 73.874132 left
H 74.053988 left
H 74.10702 right
D 0.232888 diff 
H 74.265952 left
H 74.392964 right
D 0.127012 diff 
H 74.456772 left
H 74.647212 left
H 74.6791 right
D 0.222328 diff 
H 74.838028 left
H 74.975608 right
D 0.13758 diff 
H 75.028848 left
H 75.229848 left
H 75.261744 right
D 0.232896 diff 
H 75.388964 left
H 75.568828 right
D 0.179864 diff 
H 75.579804 left
H 75.759664 left
H 75.854968 right
D 0.275168 diff 
H 75.939912 left
H 76.11978 left
H 76.130536 right
D 0.190624 diff 
H 76.331732 left
H 76.416468 right
D 0.08474 diff 
H 76.53312 left
H 76.691824 right
D 0.158704 diff 
H 76.702792 left
H 76.88264 left
H 76.97794 right
D 0.275152 diff 
H 77.073456 left
H 77.25332 right
D 0.17986 diff 
H 77.253724 left
H 77.444148 left
H 77.497188 right
D 0.243468 diff 
H 77.634976 left
H 77.7937 right
D 0.158724 diff 
H 77.815236 left
H 77.995088 left
H 78.090388 right
D 0.275152 diff 
H 78.185896 left
H 78.355168 right
D 0.169272 diff 
H 78.36614 left
B 1
H 78.535432 left
H 78.630732 right
D 0.264596 diff 
H 78.747384 left
H 78.92724 left
H 78.959132 right
D 0.211752 diff 
H 79.118056 left
H 79.160532 right
D 0.04248 diff 
H 79.298316 left
H 79.435896 right
D 0.137576 diff 
H 79.510264 left
H 79.700676 left
H 79.722008 right
D 0.211744 diff 
H 79.891512 left
H 80.007948 right
D 0.116436 diff 
H 80.103464 left
H 80.304444 left
H 80.315204 right
D 0.211744 diff 
H 80.484708 left
H 80.622284 right
D 0.137572 diff 
H 80.686108 left
H 80.887092 right
D 0.200984 diff 
H 80.887492 left
H 81.067364 left
H 81.236652 right
D 0.349164 diff 
H 81.268764 left
H 81.44864 left
H 81.522804 right
D 0.25404 diff 
H 81.660588 left
H 81.829884 right
D 0.169304 diff 
H 81.872572 left
H 82.052428 left
H 82.200572 right
D 0.328004 diff 
H 82.253836 left
H 82.42312 left
H 82.560692 right
D 0.30686 diff 
H 82.60338 left
H 82.804372 left
H 82.920812 right
D 0.317432 diff 
H 82.984636 left
H 83.153928 left
H 83.20696 right
D 0.222324 diff 
H 83.34474 left
H 83.461184 right
D 0.116444 diff 
H 83.524996 left
H 83.704856 left
H 83.757884 right
D 0.232884 diff 
H 83.89568 left
H 84.064972 left
H 84.107428 right
D 0.211748 diff 
H 84.25578 left
H 84.403924 right
D 0.14814 diff 
H 84.446604 left
H 84.615896 left
H 84.700628 right
D 0.254024 diff 
H 84.796136 left
H 84.997132 right
D 0.200996 diff 
H 84.997532 left
H 85.187972 left
H 85.293832 right
D 0.296292 diff 
H 85.378776 left
H 85.569196 left
H 85.622224 right
D 0.243452 diff 
H 85.738888 left
H 85.908176 right
D 0.169292 diff 
H 85.919148 left
H 86.099008 left
H 86.162604 right
D 0.24346 diff 
H 86.28982 left
H 86.448536 right
D 0.15872 diff 
H 86.491208 left
H 86.671064 left
H 86.755792 right
D 0.264588 diff 
H 86.872444 left
H 87.020584 right
D 0.14814 diff 
H 87.052688 left
H 87.243124 left
H 87.380688 right
D 0.328004 diff 
H 87.433944 left
H 87.613812 left
H 87.666836 right
D 0.232896 diff 
H 87.8152 left
H 87.931636 right
D 0.116432 diff 
H 88.016596 left
H 88.196452 left
H 88.24948 right
D 0.23288 diff 
H 88.376704 left
H 88.524856 right
D 0.148156 diff 
H 88.567528 left
H 88.747392 left
H 88.853256 right
D 0.285728 diff 
H 88.917064 left
H 89.118048 right
D 0.200984 diff 
H 89.118444 left
H 89.287744 left
H 89.414748 right
D 0.296304 diff 
H 89.4997 left
H 89.679564 left
H 89.722024 right
D 0.222324 diff 
H 89.891504 left
H 89.986804 right
D 0.0953 diff 
H 90.071756 left
H 90.251628 left
H 90.31522 right
D 0.243464 diff 
H 90.431876 left
H 90.601164 right
D 0.169288 diff 
H 90.6227 left
H 90.834272 left
H 90.866164 right
D 0.243468 diff 
H 91.014516 left
H 91.152092 right
D 0.137576 diff 
H 91.194768 left
H 91.374624 left
H 91.41708 right
D 0.222316 diff 
H 91.55486 left
H 91.713576 right
D 0.15872 diff 
H 91.74568 left
H 91.936116 left
H 91.999716 right
D 0.254036 diff 
H 92.137504 left
H 92.285644 right
D 0.14814 diff 
H 92.338892 left
H 92.508188 left
H 92.571788 right
D 0.2329 diff 
H 92.688448 left
H 92.8683 right
D 0.179856 diff 
H 92.868708 left
H 93.080268 left
H 93.175564 right
D 0.306852 diff 
H 93.27108 left
H 93.450932 right
D 0.179856 diff 
H 93.472472 left
H 93.65234 left
H 93.76878 right
D 0.296312 diff 
H 93.822024 left
H 94.012436 right
D 0.190416 diff 
H 94.012836 left
H 94.20328 left
H 94.33028 right
D 0.317436 diff 
H 94.394084 left
H 94.584508 left
H 94.595264 right
D 0.20118 diff 
H 94.76476 left
H 94.891772 right
D 0.127012 diff 
H 94.955584 left
H 95.14602 left
H 95.167348 right
D 0.211772 diff 
H 95.315696 left
H 95.453276 right
D 0.13758 diff 
H 95.506512 left
H 95.696928 left
H 95.74996 right
D 0.243448 diff 
H 95.877184 left
H 96.046464 right
D 0.16928 diff 
H 96.067996 left
H 96.268988 left
H 96.353716 right
D 0.285724 diff 
H 96.449236 left
H 96.63966 left
H 96.660984 right
D 0.211752 diff 
H 96.841056 left
H 96.968068 right
D 0.127012 diff 
H 97.010744 left
H 97.211728 left
H 97.26476 right
D 0.254016 diff 
H 97.40254 left
H 97.550688 right
D 0.148144 diff 
H 97.572228 left
H 97.762656 left
H 97.868524 right
D 0.2963 diff 
H 97.95348 left
H 98.12278 left
H 98.133536 right
D 0.180056 diff 
H 98.324168 left
B 2
H 98.430036 right
D 0.105872 diff 
H 98.493844 left
H 98.694844 left
H 98.7056 right
D 0.21176 diff 
H 98.85396 left
H 98.98098 right
D 0.12702 diff 
H 99.034212 left
H 99.224632 right
D 0.190424 diff 
H 99.246164 left
H 99.45774 left
H 99.489632 right
D 0.243476 diff 
H 99.637992 left
H 99.754432 right
D 0.116444 diff 
H 99.828808 left
H 100.008668 left
H 100.029996 right
D 0.201192 diff 
H 100.199484 left
H 100.347628 right
D 0.148148 diff 
H 100.390308 left
H 100.5596 left
H 100.602068 right
D 0.211764 diff 
H 100.760988 left
H 100.909132 right
D 0.148148 diff 
H 100.9518 left
H 101.121092 left
H 101.22696 right
D 0.27516 diff 
H 101.3119 left
H 101.502324 left
H 101.51308 right
D 0.201192 diff 
H 101.693144 left
H 101.788464 right
D 0.09532 diff 
H 101.873404 left
H 102.063832 right
D 0.190424 diff 
H 102.064236 left
H 102.254676 left
H 102.360552 right
D 0.296312 diff 
H 102.445488 left
H 102.635904 right
D 0.190412 diff 
H 102.6363 left
H 102.826736 left
H 102.964316 right
D 0.328016 diff 
H 103.017552 left
H 103.218552 left
H 103.229308 right
D 0.21176 diff 
H 103.40936 left
H 103.504672 right
D 0.095312 diff 
H 103.621324 left
H 103.780032 right
D 0.158712 diff 
H 103.801572 left
H 103.992004 left
H 104.097872 right
D 0.296304 diff 
H 104.18282 left
H 104.362688 right
D 0.179872 diff 
H 104.384228 left
H 104.585236 left
H 104.68054 right
D 0.296316 diff 
H 104.776064 left
H 104.955916 right
D 0.179852 diff 
H 104.966884 left
H 105.1679 left
H 105.220928 right
D 0.254048 diff 
H 105.348152 left
H 105.48572 right
D 0.137572 diff 
H 105.53896 left
H 105.72938 left
H 105.761272 right
D 0.222316 diff 
H 105.93078 left
H 106.036644 right
D 0.105868 diff 
H 106.121592 left
H 106.312016 left
H 106.322772 right
D 0.201188 diff 
H 106.513416 left
H 106.598156 right
D 0.08474 diff 
H 106.704236 left
H 106.873512 right
D 0.169272 diff 
H 106.90562 left
H 107.096048 left
H 107.149084 right
D 0.243464 diff 
H 107.286868 left
H 107.424448 right
D 0.137584 diff 
H 107.477692 left
H 107.67868 left
H 107.689448 right
D 0.211752 diff 
H 107.86952 left
H 107.964824 right
D 0.095308 diff 
H 108.070928 left
H 108.208504 right
D 0.13758 diff 
H 108.240604 left
H 108.452172 left
H 108.473504 right
D 0.2329 diff 
H 108.643004 left
H 108.780592 right
D 0.137588 diff 
H 108.82326 left
H 109.013692 left
H 109.035016 right
D 0.211756 diff 
H 109.215072 left
H 109.33152 right
D 0.116448 diff 
H 109.405904 left
H 109.596328 left
H 109.638788 right
D 0.232884 diff 
H 109.776572 left
H 109.90358 right
D 0.127012 diff 
H 109.9674 left
H 110.147244 left
H 110.200276 right
D 0.23288 diff 
H 110.338072 left
H 110.48622 right
D 0.148148 diff 
H 110.5289 left
H 110.719348 left
H 110.75124 right
D 0.22234 diff 
H 110.92074 left
H 110.99492 right
D 0.074184 diff 
H 111.111572 left
H 111.228004 right
D 0.116432 diff 
H 111.291804 left
H 111.492808 left
H 111.5247 right
D 0.232904 diff 
H 111.694204 left
H 111.821204 right
D 0.127 diff 
H 111.885008 left
H 112.064868 left
H 112.086192 right
D 0.201184 diff 
H 112.27682 left
H 112.382704 right
D 0.105884 diff 
H 112.467648 left
H 112.636948 right
D 0.1693 diff 
H 112.647916 left
H 112.827784 left
H 112.923084 right
D 0.275168 diff 
H 113.008036 left
H 113.198452 right
D 0.190416 diff 
H 113.20942 left
H 113.410428 left
H 113.484592 right
D 0.275172 diff 
H 113.611808 left
H 113.738816 right
D 0.127012 diff 
H 113.802628 left
H 113.982492 left
H 114.046088 right
D 0.24346 diff 
H 114.194448 left
H 114.300324 right
D 0.105876 diff 
H 114.39584 left
H 114.59684 right
D 0.201012 diff 
H 114.597248 left
H 114.787684 left
H 114.872412 right
D 0.27516 diff 
H 114.978504 left
H 115.158364 right
D 0.179856 diff 
H 115.16934 left
H 115.370344 left
H 115.433936 right
D 0.2646 diff 
H 115.561152 left
H 115.7093 right
D 0.148148 diff 
H 115.751976 left
H 115.952972 left
H 115.963728 right
D 0.211756 diff 
H 116.154376 left
H 116.24968 right
D 0.095304 diff 
H 116.35576 left
H 116.514472 right
D 0.158708 diff 
H 116.557152 left
H 116.747592 left
H 116.821756 right
D 0.264604 diff 
H 116.927848 left
H 117.08656 right
D 0.158708 diff 
H 117.118668 left
H 117.309096 left
H 117.362124 right
D 0.243456 diff 
H 117.510476 left
H 117.616348 right
D 0.105872 diff 
H 117.701308 left
H 117.891736 left
H 117.913064 right
D 0.211756 diff 
H 118.114268 left
H 118.188444 right
D 0.074168 diff 
H 118.294536 left
B 3
H 118.46384 left
H 118.485164 right
D 0.190628 diff 
H 118.675812 left
H 118.781688 right
D 0.105872 diff 
H 118.877216 left
H 119.046496 right
D 0.16928 diff 
H 119.068036 left
H 119.247892 right
D 0.17986 diff 
H 119.290572 left
H 119.481 left
H 119.555164 right
D 0.264592 diff 
H 119.661256 left
H 119.84112 right
D 0.179864 diff 
H 119.852096 left
H 120.053092 left
H 120.127256 right
D 0.275164 diff 
H 120.243912 left
H 120.392056 right
D 0.14814 diff 
H 120.434728 left
H 120.62516 left
H 120.688764 right
D 0.25404 diff 
H 120.826556 left
H 120.964132 right
D 0.137576 diff 
H 121.006808 left
H 121.197228 left
H 121.22912 right
D 0.222312 diff 
H 121.38806 left
H 121.493932 right
D 0.105876 diff 
H 121.60002 left
H 121.769316 right
D 0.169296 diff 
H 121.79086 left
H 121.960152 left
H 122.04488 right
D 0.25402 diff 
H 122.15096 left
H 122.320248 right
D 0.169288 diff 
H 122.331212 left
H 122.52164 left
H 122.606384 right
D 0.275172 diff 
H 122.691324 left
H 122.902888 right
D 0.21156 diff 
H 122.903284 left
H 123.072584 left
H 123.189024 right
D 0.28574 diff 
H 123.295108 left
H 123.453824 right
D 0.158716 diff 
H 123.485928 left
H 123.665796 left
H 123.729392 right
D 0.243464 diff 
H 123.856616 left
H 124.01534 right
D 0.158728 diff 
H 124.015748 left
H 124.216748 left
H 124.30148 right
D 0.285728 diff 
H 124.407564 left
H 124.58742 left
H 124.608748 right
D 0.201188 diff 
H 124.778236 left
H 124.884104 right
D 0.105868 diff 
H 124.93734 left
H 125.13832 right
D 0.200976 diff 
H 125.138716 left
H 125.329148 left
H 125.445584 right
D 0.306868 diff 
H 125.530524 left
H 125.71038 right
D 0.179856 diff 
H 125.731912 left
H 125.943476 right
D 0.211564 diff 
H 125.954448 left
H 126.144884 left
H 126.261316 right
D 0.306868 diff 
H 126.3357 left
H 126.52612 right
D 0.19042 diff 
H 126.547656 left
H 126.738088 left
H 126.780544 right
D 0.232892 diff 
H 126.918332 left
H 127.045344 right
D 0.127016 diff 
H 127.098588 left
H 127.299608 left
H 127.342064 right
D 0.243476 diff 
H 127.500992 left
H 127.617428 right
D 0.11644 diff 
H 127.702388 left
H 127.882248 right
D 0.179864 diff 
H 127.882648 left
H 128.073084 left
H 128.178948 right
D 0.296288 diff 
H 128.274468 left
H 128.464904 left
H 128.507372 right
D 0.232908 diff 
H 128.666308 left
H 128.82502 right
D 0.158716 diff 
H 128.857132 left
H 129.058144 left
H 129.12174 right
D 0.264612 diff 
H 129.238388 left
H 129.418236 right
D 0.17986 diff 
H 129.439784 left
H 129.630224 left
H 129.69382 right
D 0.254036 diff 
H 129.821036 left
H 130.000892 right
D 0.17986 diff 
H 130.011868 left
H 130.191736 left
H 130.276472 right
D 0.264604 diff 
H 130.371984 left
H 130.551852 right
D 0.179868 diff 
H 130.573384 left
H 130.753236 left
H 130.837964 right
D 0.26458 diff 
H 130.933476 left
H 131.113332 right
D 0.17986 diff 
H 131.1243 left
H 131.304148 left
H 131.378308 right
D 0.254012 diff 
H 131.47382 left
H 131.664252 left
H 131.717288 right
D 0.243472 diff 
H 131.855068 left
H 131.939816 right
D 0.084748 diff 
H 132.035328 left
H 132.215184 left
H 132.257644 right
D 0.222324 diff 
H 132.406004 left
H 132.522448 right
D 0.116448 diff 
H 132.586252 left
H 132.76612 left
H 132.850856 right
D 0.2646 diff 
H 132.956924 left
H 133.094496 right
D 0.137572 diff 
H 133.137168 left
H 133.306456 left
H 133.391188 right
D 0.254028 diff 
H 133.497268 left
H 133.687688 right
D 0.19042 diff 
H 133.688088 left
H 133.878512 left
H 133.952684 right
D 0.2646 diff 
H 134.058764 left
H 134.228044 left
H 134.2388 right
D 0.180036 diff 
H 134.418848 left
H 134.535288 right
D 0.11644 diff 
H 134.588524 left
H 134.800068 right
D 0.211544 diff 
H 134.800476 left
H 134.980332 left
H 135.065064 right
D 0.264584 diff 
H 135.16058 left
H 135.319288 left
H 135.35118 right
D 0.190608 diff 
H 135.510104 left
H 135.658252 right
D 0.148148 diff 
H 135.690356 left
H 135.891336 left
H 135.933796 right
D 0.243448 diff 
H 136.071584 left
H 136.209164 right
D 0.137584 diff 
H 136.25184 left
H 136.452828 left
H 136.484724 right
D 0.232888 diff 
H 136.643636 left
H 136.760084 right
D 0.116452 diff 
H 136.823892 left
H 136.99318 left
H 137.046216 right
D 0.222328 diff 
H 137.183996 left
H 137.332144 right
D 0.148148 diff 
H 137.364244 left
H 137.554664 left
H 137.597128 right
D 0.232884 diff 
H 137.756044 left
H 137.861916 right
D 0.105872 diff 
H 137.946864 left
H 138.147864 right
D 0.201 diff 
H 138.148264 left
H 138.328128 left
B 1
H 138.433996 right
D 0.285728 diff 
H 138.529508 left
H 138.688228 left
H 138.720124 right
D 0.190624 diff 
H 138.868472 left
H 138.963772 right
D 0.0953 diff 
H 139.048716 left
H 139.228564 right
D 0.179852 diff 
H 139.239532 left
H 139.451096 left
H 139.482996 right
D 0.243468 diff 
H 139.64192 left
H 139.75836 right
D 0.11644 diff 
H 139.832736 left
H 140.02316 right
D 0.19042 diff 
H 140.034124 left
H 140.235124 left
H 140.340988 right
D 0.306868 diff 
H 140.447084 left
H 140.6058 right
D 0.158716 diff 
H 140.616768 left
H 140.828328 left
H 140.86022 right
D 0.243452 diff 
H 140.998012 left
H 141.125016 right
D 0.127004 diff 
H 141.209964 left
H 141.389804 right
D 0.179848 diff 
H 141.411356 left
H 141.612352 left
H 141.675944 right
D 0.264592 diff 
H 141.803176 left
H 141.930188 right
D 0.127012 diff 
H 141.994012 left
H 142.184464 left
H 142.216352 right
D 0.22234 diff 
H 142.354136 left
H 142.491724 right
D 0.137592 diff 
H 142.523824 left
H 142.70368 left
H 142.777848 right
D 0.254024 diff 
H 142.894492 left
H 143.032076 right
D 0.137588 diff 
H 143.08532 left
H 143.275728 left
H 143.328756 right
D 0.243432 diff 
H 143.455972 left
H 143.582996 right
D 0.127028 diff 
H 143.646808 left
H 143.816092 left
H 143.869128 right
D 0.22232 diff 
H 144.01748 left
H 144.133916 right
D 0.11644 diff 
H 144.218856 left
H 144.388152 right
D 0.169296 diff 
H 144.39912 left
H 144.589544 left
H 144.663716 right
D 0.264592 diff 
H 144.801488 left
H 144.9602 right
D 0.158708 diff 
H 145.00288 left
H 145.214448 left
H 145.246348 right
D 0.243472 diff 
H 145.415848 left
H 145.532292 right
D 0.116448 diff 
H 145.606676 left
H 145.797096 right
D 0.190432 diff 
H 145.797504 left
H 145.977372 left
H 146.083236 right
D 0.285728 diff 
H 146.168184 left
H 146.316332 right
D 0.148144 diff 
H 146.348432 left
H 146.538852 left
H 146.59188 right
D 0.243444 diff 
H 146.729672 left
H 146.877824 right
D 0.148148 diff 
H 146.920496 left
H 147.121504 left
H 147.142828 right
D 0.222336 diff 
H 147.322904 left
H 147.418212 right
D 0.095312 diff 
H 147.49258 left
H 147.693584 right
D 0.201004 diff 
H 147.704552 left
H 147.884416 left
H 147.958576 right
D 0.254024 diff 
H 148.085804 left
H 148.223376 right
D 0.137572 diff 
H 148.27662 left
H 148.467044 left
H 148.498936 right
D 0.22232 diff 
H 148.668436 left
H 148.753176 right
D 0.084736 diff 
H 148.859264 left
H 149.017976 right
D 0.158712 diff 
H 149.050084 left
H 149.240524 left
H 149.272416 right
D 0.222336 diff 
H 149.44192 left
H 149.558356 right
D 0.11644 diff 
H 149.643304 left
H 149.812596 right
D 0.169296 diff 
H 149.855272 left
H 150.056252 left
H 150.067008 right
D 0.211736 diff 
H 150.268192 left
H 150.352932 right
D 0.08474 diff 
H 150.459028 left
H 150.628316 right
D 0.169296 diff 
H 150.639284 left
H 150.8297 left
H 150.893292 right
D 0.254008 diff 
H 151.009948 left
H 151.168676 right
D 0.158732 diff 
H 151.21136 left
H 151.412364 left
H 151.423124 right
D 0.211764 diff 
H 151.603196 left
H 151.687932 right
D 0.084732 diff 
H 151.79402 left
H 151.9316 right
D 0.13758 diff 
H 151.99542 left
H 152.185852 right
D 0.19044 diff 
H 152.2074 left
H 152.4084 left
H 152.471996 right
D 0.264596 diff 
H 152.599228 left
H 152.705104 right
D 0.10588 diff 
H 152.790052 left
H 152.991056 left
H 153.012384 right
D 0.222332 diff 
H 153.192456 left
H 153.287764 right
D 0.095304 diff 
H 153.404424 left
H 153.542008 right
D 0.137584 diff 
H 153.595252 left
H 153.796252 left
H 153.828144 right
D 0.232888 diff 
H 153.98708 left
H 154.082396 right
D 0.095312 diff 
H 154.19906 left
H 154.378928 right
D 0.179864 diff 
H 154.379332 left
H 154.58034 left
H 154.612232 right
D 0.232892 diff 
H 154.792308 left
H 154.86648 right
D 0.074168 diff 
H 154.9937 left
H 155.141848 right
D 0.148148 diff 
H 155.195096 left
H 155.385532 left
H 155.427992 right
D 0.232896 diff 
H 155.586916 left
H 155.70336 right
D 0.11644 diff 
H 155.788312 left
H 155.968164 right
D 0.179856 diff 
H 155.989704 left
H 156.201268 right
D 0.211568 diff 
H 156.201668 left
H 156.402676 left
H 156.487412 right
D 0.285748 diff 
H 156.604072 left
H 156.731088 right
D 0.12702 diff 
H 156.826636 left
H 156.995936 left
H 157.01726 right
D 0.190628 diff 
H 157.186756 left
H 157.292624 right
D 0.105868 diff 
H 157.388136 left
H 157.546848 right
D 0.158708 diff 
H 157.568388 left
H 157.779956 left
H 157.811852 right
D 0.243464 diff 
H 157.960224 left
H 158.07666 right
D 0.116432 diff 
H 158.161616 left
H 158.3309 right
D 0.169288 diff 
H 158.384152 left
B 2
H 158.585164 left
H 158.617056 right
D 0.232908 diff 
H 158.775988 left
H 158.871292 right
D 0.095304 diff 
H 158.95624 left
H 159.062112 right
D 0.105872 diff 
H 159.189344 left
H 159.27408 right
D 0.08474 diff 
H 159.369596 left
H 159.549452 right
D 0.179856 diff 
H 159.58156 left
H 159.771984 left
H 159.835584 right
D 0.25402 diff 
H 159.98394 left
H 160.089812 right
D 0.105876 diff 
H 160.174764 left
H 160.365204 right
D 0.190444 diff 
H 160.365612 left
H 160.556064 left
H 160.640792 right
D 0.275176 diff 
H 160.746896 left
H 160.926756 left
H 160.948084 right
D 0.201196 diff 
H 161.128144 left
H 161.244584 right
D 0.11644 diff 
H 161.329524 left
H 161.509392 left
H 161.551856 right
D 0.222332 diff 
H 161.742488 left
H 161.84836 right
D 0.105876 diff 
H 161.943884 left
H 162.113172 left
H 162.134504 right
D 0.190624 diff 
H 162.304016 left
H 162.420448 right
D 0.116436 diff 
H 162.48426 left
H 162.674712 left
H 162.717172 right
D 0.232912 diff 
H 162.865532 left
H 163.034808 right
D 0.16928 diff 
H 163.06692 left
H 163.246792 left
H 163.320952 right
D 0.254036 diff 
H 163.458736 left
H 163.596312 right
D 0.137576 diff 
H 163.649564 left
H 163.840012 left
H 163.903608 right
D 0.254048 diff 
H 164.051956 left
H 164.147264 right
D 0.095304 diff 
H 164.232216 left
H 164.43322 left
H 164.443976 right
D 0.211756 diff 
H 164.634608 left
H 164.708784 right
D 0.074168 diff 
H 164.836008 left
H 164.984168 right
D 0.148156 diff 
H 165.016276 left
H 165.196128 right
D 0.179848 diff 
H 165.196524 left
H 165.4081 left
H 165.492836 right
D 0.296308 diff 
H 165.59892 left
H 165.789352 left
H 165.810676 right
D 0.211752 diff 
H 165.990752 left
H 166.075492 right
D 0.08474 diff 
H 166.20272 left
H 166.403716 right
D 0.200996 diff 
H 166.40412 left
H 166.594556 left
H 166.700436 right
D 0.296304 diff 
H 166.795948 left
H 166.944108 right
D 0.14816 diff 
H 166.976216 left
H 167.177224 left
H 167.219688 right
D 0.243472 diff 
H 167.368052 left
H 167.516196 right
D 0.148148 diff 
H 167.569444 left
H 167.781012 left
H 167.791764 right
D 0.22232 diff 
H 167.971856 left
H 168.077732 right
D 0.105876 diff 
H 168.173244 left
H 168.374252 right
D 0.201016 diff 
H 168.37466 left
H 168.575676 left
H 168.64984 right
D 0.275176 diff 
H 168.766492 left
H 168.94634 right
D 0.179852 diff 
H 168.96788 left
H 169.179432 left
H 169.211328 right
D 0.243448 diff 
H 169.38082 left
H 169.507836 right
D 0.12702 diff 
H 169.582228 left
H 169.772652 right
D 0.190424 diff 
H 169.78362 left
H 169.974048 left
H 170.069352 right
D 0.285728 diff 
H 170.164876 left
H 170.3553 right
D 0.190428 diff 
H 170.3557 left
H 170.546164 left
H 170.652044 right
D 0.296328 diff 
H 170.737004 left
H 170.937984 right
D 0.200984 diff 
H 170.94896 left
H 171.160524 left
H 171.245268 right
D 0.296304 diff 
H 171.351372 left
H 171.520652 right
D 0.16928 diff 
H 171.563328 left
H 171.753752 left
H 171.796216 right
D 0.232888 diff 
H 171.94458 left
H 172.071596 right
D 0.127016 diff 
H 172.135412 left
H 172.336428 left
H 172.368324 right
D 0.232908 diff 
H 172.548384 left
H 172.611984 right
D 0.0636 diff 
H 172.739212 left
H 172.929624 right
D 0.190416 diff 
H 172.940592 left
H 173.131028 left
H 173.184064 right
D 0.243468 diff 
H 173.321856 left
H 173.48058 right
D 0.158728 diff 
H 173.523256 left
H 173.713692 left
H 173.745588 right
D 0.222328 diff 
H 173.915088 left
H 173.999836 right
D 0.084744 diff 
H 174.084788 left
H 174.27522 right
D 0.190436 diff 
H 174.307336 left
H 174.497784 left
H 174.57196 right
D 0.264624 diff 
H 174.688628 left
H 174.847348 right
D 0.15872 diff 
H 174.900588 left
H 175.091024 left
H 175.112352 right
D 0.211764 diff 
H 175.292432 left
H 175.398308 right
D 0.10588 diff 
H 175.49382 left
H 175.663116 right
D 0.169296 diff 
H 175.684656 left
H 175.875104 left
H 176.002112 right
D 0.317456 diff 
H 176.065924 left
H 176.24578 right
D 0.179856 diff 
H 176.256748 left
H 176.45776 left
H 176.542496 right
D 0.285748 diff 
H 176.659148 left
H 176.817864 right
D 0.158712 diff 
H 176.84998 left
H 177.029836 left
H 177.114572 right
D 0.264596 diff 
H 177.231228 left
H 177.379372 right
D 0.148148 diff 
H 177.422048 left
H 177.623056 left
H 177.654948 right
D 0.2329 diff 
H 177.81388 left
H 177.96202 right
D 0.148144 diff 
H 177.994128 left
H 178.173988 left
H 178.237584 right
D 0.24346 diff 
H 178.333096 left
B 3
H 178.523532 left
H 178.544856 right
D 0.21176 diff 
H 178.703772 left
H 178.83078 right
D 0.127008 diff 
H 178.873448 left
H 179.053296 left
H 179.085192 right
D 0.211748 diff 
H 179.222996 left
H 179.307732 right
D 0.08474 diff 
H 179.413812 left
H 179.583096 right
D 0.16928 diff 
H 179.59406 left
H 179.78448 left
H 179.837512 right
D 0.243452 diff 
H 179.98586 left
H 180.081168 right
D 0.095304 diff 
H 180.155544 left
H 180.356552 left
H 180.40958 right
D 0.254036 diff 
H 180.557928 left
H 180.684924 right
D 0.127 diff 
H 180.748728 left
H 180.9286 left
H 181.066172 right
D 0.317448 diff 
H 181.108844 left
H 181.309836 left
H 181.320592 right
D 0.211756 diff 
H 181.490088 left
H 181.543124 right
D 0.053036 diff 
H 181.680908 left
H 181.786784 right
D 0.105876 diff 
H 181.861164 left
H 182.062152 left
H 182.09404 right
D 0.23288 diff 
H 182.25296 left
H 182.337696 right
D 0.084736 diff 
H 182.44378 left
H 182.581348 right
D 0.137564 diff 
H 182.634584 left
H 182.846148 left
H 182.867472 right
D 0.232888 diff 
H 183.036964 left
H 183.13228 right
D 0.095316 diff 
H 183.227792 left
H 183.386504 right
D 0.158716 diff 
H 183.42918 left
H 183.598472 right
D 0.169296 diff 
H 183.620008 left
H 183.810444 left
H 183.874036 right
D 0.254032 diff 
H 184.022388 left
H 184.12826 right
D 0.105876 diff 
H 184.20264 left
H 184.371916 right
D 0.169272 diff 
H 184.393452 left
H 184.573312 right
D 0.17986 diff 
H 184.594848 left
H 184.78528 left
H 184.838304 right
D 0.24346 diff 
H 184.976084 left
H 185.103092 right
D 0.127008 diff 
H 185.166912 left
H 185.357348 left
H 185.389236 right
D 0.222328 diff 
H 185.5376 left
H 185.65404 right
D 0.11644 diff 
H 185.728412 left
H 185.908288 left
H 185.919048 right
D 0.190636 diff 
H 186.088544 left
H 186.18386 right
D 0.095316 diff 
H 186.32164 left
H 186.438092 right
D 0.116452 diff 
H 186.5019 left
H 186.681752 left
H 186.70308 right
D 0.20118 diff 
H 186.872564 left
H 186.936164 right
D 0.063604 diff 
H 187.06338 left
H 187.158688 right
D 0.095308 diff 
H 187.254196 left
H 187.391772 right
D 0.137572 diff 
H 187.434444 left
H 187.593164 right
D 0.158724 diff 
H 187.625268 left
H 187.794556 left
H 187.889864 right
D 0.264596 diff 
H 187.985376 left
H 188.144088 right
D 0.158716 diff 
H 188.197332 left
H 188.37718 right
D 0.179852 diff 
H 188.398716 left
H 188.599708 left
H 188.610464 right
D 0.211752 diff 
H 188.790516 left
H 188.864684 right
D 0.074172 diff 
H 188.981332 left
H 189.066076 right
D 0.084752 diff 
H 189.1933 left
H 189.341444 right
D 0.148148 diff 
H 189.384116 left
H 189.563964 right
D 0.179844 diff 
H 189.574932 left
H 189.765352 left
H 189.818384 right
D 0.243452 diff 
H 189.966728 left
H 190.051464 right
D 0.084736 diff 
H 190.157544 left
H 190.284568 right
D 0.127024 diff 
H 190.369524 left
H 190.517668 right
D 0.148144 diff 
H 190.58148 left
H 190.782492 left
H 190.793252 right
D 0.211772 diff 
H 190.962752 left
H 191.00522 right
D 0.042468 diff 
H 191.164136 left
H 191.248884 right
D 0.084748 diff 
H 191.30212 left
H 191.52424 right
D 0.222124 diff 
H 191.52464 left
H 191.725636 left
H 191.736396 right
D 0.21176 diff 
H 191.9376 left
H 191.990636 right
D 0.053044 diff 
H 192.128412 left
H 192.202584 right
D 0.07418 diff 
H 192.319228 left
H 192.435664 right
D 0.116436 diff 
H 192.531172 left
H 192.668752 right
D 0.13758 diff 
H 192.721992 left
H 192.912408 right
D 0.190416 diff 
H 192.923376 left
H 193.113804 left
H 193.166832 right
D 0.243452 diff 
H 193.294044 left
H 193.42106 right
D 0.127016 diff 
H 193.484872 left
H 193.65416 right
D 0.169288 diff 
H 193.686264 left
H 193.876692 left
H 193.929716 right
D 0.243456 diff 
H 194.088636 left
H 194.18394 right
D 0.095308 diff 
H 194.279472 left
H 194.44876 right
D 0.169288 diff 
H 194.470292 left
H 194.660724 left
H 194.67148 right
D 0.201196 diff 
H 194.872692 left
H 194.904596 right
D 0.0319 diff 
H 195.074084 left
H 195.127128 right
D 0.053052 diff 
H 195.264912 left
H 195.360216 right
D 0.095304 diff 
H 195.50858 left
H 195.582748 right
D 0.074168 diff 
H 195.741684 left
H 195.815852 right
D 0.074164 diff 
H 195.943084 left
H 196.038384 right
D 0.0953 diff 
H 196.123332 left
H 196.26092 right
D 0.137588 diff 
H 196.335304 left
H 196.47288 right
D 0.13758 diff 
H 196.526124 left
H 196.727128 right
D 0.201008 diff 
H 196.727528 left
H 196.92854 left
H 197.01328 right
D 0.285752 diff 
H 197.12994 left
H 197.267516 right
D 0.13758 diff 
H 197.310188 left
H 197.52174 right
D 0.211552 diff 
H 197.532716 left
H 197.754848 left
H 197.797324 right
D 0.264612 diff 
H 197.966816 left
H 198.040996 right
D 0.074176 diff 
H 198.168236 left
H 198.305816 right
D 0.13758 diff 
H 198.39078 left
B 1
H 198.549524 left
H 198.581416 right
D 0.190632 diff 
H 198.76148 left
H 198.825084 right
D 0.063604 diff 
H 198.952292 left
H 199.058164 right
D 0.105872 diff 
H 199.143116 left
H 199.248988 right
D 0.105872 diff 
H 199.3445 left
H 199.50322 right
D 0.15872 diff 
H 199.567028 left
H 199.704616 right
D 0.137584 diff 
H 199.75786 left
H 199.948284 right
D 0.190432 diff 
H 199.948692 left
H 200.128564 left
H 200.202736 right
D 0.25404 diff 
H 200.329948 left
H 200.467532 right
D 0.137584 diff 
H 200.520776 left
H 200.690052 right
D 0.169276 diff 
H 200.732724 left
H 200.944288 right
D 0.211568 diff 
H 200.944696 left
H 201.145716 left
H 201.177608 right
D 0.232904 diff 
H 201.368252 left
H 201.442428 right
D 0.07418 diff 
H 201.559076 left
H 201.707224 right
D 0.148144 diff 
H 201.771044 left
H 201.929752 right
D 0.158708 diff 
H 201.972428 left
H 202.183984 right
D 0.21156 diff 
H 202.205516 left
H 202.39596 left
H 202.438424 right
D 0.232904 diff 
H 202.59736 left
H 202.671536 right
D 0.074168 diff 
H 202.777628 left
H 202.915204 right
D 0.137576 diff 
H 202.968444 left
H 203.137736 left
H 203.15906 right
D 0.190616 diff 
H 203.32856 left
H 203.371032 right
D 0.042472 diff 
H 203.508808 left
H 203.646384 right
D 0.137576 diff 
H 203.699616 left
H 203.868912 right
D 0.169292 diff 
H 203.87988 left
H 204.0703 left
H 204.091624 right
D 0.211748 diff 
H 204.261104 left
H 204.335276 right
D 0.074172 diff 
H 204.42022 left
H 204.621212 right
D 0.200988 diff 
H 204.621608 left
H 204.812028 left
H 204.84392 right
D 0.222316 diff 
H 205.00284 left
H 205.098156 right
D 0.095316 diff 
H 205.193668 left
H 205.352384 right
D 0.158712 diff 
H 205.384488 left
H 205.574908 left
H 205.617372 right
D 0.232888 diff 
H 205.776292 left
H 205.850472 right
D 0.074188 diff 
H 205.988268 left
H 206.115276 right
D 0.127012 diff 
H 206.179084 left
H 206.380076 right
D 0.200988 diff 
H 206.380472 left
H 206.581468 left
H 206.655632 right
D 0.27516 diff 
H 206.782844 left
H 206.909852 right
D 0.127008 diff 
H 206.984228 left
H 207.174668 right
D 0.190436 diff 
H 207.20678 left
H 207.397216 left
H 207.439676 right
D 0.2329 diff 
H 207.566904 left
H 207.683348 right
D 0.116448 diff 
H 207.747164 left
H 207.927024 left
H 207.969492 right
D 0.222328 diff 
H 208.117848 left
H 208.244856 right
D 0.127012 diff 
H 208.308672 left
H 208.48852 left
H 208.55212 right
D 0.243448 diff 
H 208.668772 left
H 208.827472 right
D 0.158704 diff 
H 208.880712 left
H 209.049992 left
H 209.081884 right
D 0.201176 diff 
H 209.25138 left
H 209.336128 right
D 0.084748 diff 
H 209.46336 left
H 209.6115 right
D 0.14814 diff 
H 209.643608 left
H 209.855176 left
H 209.865932 right
D 0.222328 diff 
H 210.035408 left
H 210.109588 right
D 0.07418 diff 
H 210.236804 left
H 210.38496 right
D 0.148156 diff 
H 210.427628 left
H 210.628648 left
H 210.639412 right
D 0.21178 diff 
H 210.830044 left
H 210.914792 right
D 0.084748 diff 
H 211.0103 left
H 211.179584 right
D 0.169284 diff 
H 211.211688 left
H 211.41268 left
H 211.465704 right
D 0.254016 diff 
H 211.592916 left
H 211.719928 right
D 0.127008 diff 
H 211.794308 left
H 211.984736 right
D 0.190428 diff 
H 211.995708 left
H 212.196724 left
H 212.270884 right
D 0.27518 diff 
H 212.387536 left
H 212.535684 right
D 0.148144 diff 
H 212.57836 left
H 212.75822 left
H 212.768976 right
D 0.190616 diff 
H 212.970184 left
H 213.044348 right
D 0.074168 diff 
H 213.160996 left
H 213.277444 right
D 0.116448 diff 
H 213.362392 left
H 213.542252 right
D 0.179864 diff 
H 213.553224 left
H 213.754228 left
H 213.81782 right
D 0.2646 diff 
H 213.955624 left
H 214.072056 right
D 0.116436 diff 
H 214.135876 left
H 214.31574 left
H 214.389904 right
D 0.254032 diff 
H 214.495984 left
H 214.6547 right
D 0.158712 diff 
H 214.697376 left
H 214.887808 left
H 214.898564 right
D 0.201196 diff 
H 215.078632 left
H 215.152808 right
D 0.074176 diff 
H 215.248312 left
H 215.449296 right
D 0.200984 diff 
H 215.460272 left
H 215.66126 left
H 215.693156 right
D 0.232896 diff 
H 215.86266 left
H 215.936832 right
D 0.074172 diff 
H 216.064052 left
H 216.191068 right
D 0.127016 diff 
H 216.27602 left
H 216.45588 right
D 0.179864 diff 
H 216.466848 left
H 216.678424 left
H 216.699748 right
D 0.232908 diff 
H 216.890388 left
H 216.953992 right
D 0.063604 diff 
H 217.112928 left
H 217.208228 right
D 0.0953 diff 
H 217.303744 left
H 217.50476 left
H 217.526092 right
D 0.222348 diff 
H 217.695604 left
H 217.759208 right
D 0.063604 diff 
H 217.886424 left
H 217.981728 right
D 0.095304 diff 
H 218.077248 left
H 218.246528 right
D 0.169276 diff 
H 218.278628 left
B 2
H 218.479624 left
H 218.490384 right
D 0.21176 diff 
H 218.681004 left
H 218.723472 right
D 0.042468 diff 
H 218.882404 left
H 218.967144 right
D 0.08474 diff 
H 219.052096 left
H 219.179112 right
D 0.12702 diff 
H 219.25348 left
H 219.401636 right
D 0.148156 diff 
H 219.465448 left
H 219.634736 right
D 0.169288 diff 
H 219.666836 left
H 219.867848 left
H 219.889172 right
D 0.222336 diff 
H 220.079804 left
H 220.090568 right
D 0.010768 diff 
H 220.291776 left
H 220.323676 right
D 0.031908 diff 
H 220.482608 left
H 220.55678 right
D 0.074176 diff 
H 220.683992 left
H 220.811004 right
D 0.127008 diff 
H 220.853676 left
H 221.001828 left
H 221.044292 right
D 0.19062 diff 
H 221.16094 left
H 221.29852 right
D 0.137588 diff 
H 221.351764 left
H 221.521068 left
H 221.563528 right
D 0.211756 diff 
H 221.743572 left
H 221.81774 right
D 0.07418 diff 
H 221.923828 left
H 222.082544 right
D 0.158716 diff 
H 222.114648 left
H 222.294516 left
H 222.305276 right
D 0.190628 diff 
H 222.485344 left
H 222.591224 right
D 0.105872 diff 
H 222.67616 left
H 222.84544 right
D 0.16928 diff 
H 222.87754 left
H 223.057428 left
H 223.068192 right
D 0.190644 diff 
H 223.248272 left
H 223.333036 right
D 0.08476 diff 
H 223.407416 left
H 223.587272 right
D 0.17986 diff 
H 223.587676 left
H 223.778108 left
H 223.83114 right
D 0.243452 diff 
H 223.958368 left
H 224.09594 right
D 0.137568 diff 
H 224.149184 left
H 224.318492 left
H 224.329252 right
D 0.180068 diff 
H 224.509316 left
H 224.604624 right
D 0.095304 diff 
H 224.689572 left
H 224.827156 right
D 0.137588 diff 
H 224.869832 left
H 225.060248 left
H 225.081576 right
D 0.211744 diff 
H 225.229924 left
H 225.31466 right
D 0.084748 diff 
H 225.431324 left
H 225.59004 right
D 0.158716 diff 
H 225.622144 left
H 225.791424 left
H 225.833884 right
D 0.211744 diff 
H 225.9611 left
H 226.088104 right
D 0.127004 diff 
H 226.130772 left
H 226.31064 left
H 226.342532 right
D 0.211752 diff 
H 226.501436 left
H 226.607316 right
D 0.105876 diff 
H 226.681684 left
H 226.861556 left
H 226.872312 right
D 0.190628 diff 
H 227.041824 left
H 227.094872 right
D 0.053052 diff 
H 227.211532 left
H 227.37026 right
D 0.158724 diff 
H 227.402364 left
H 227.582228 left
H 227.592984 right
D 0.19062 diff 
H 227.762468 left
H 227.836632 right
D 0.074168 diff 
H 227.932168 left
H 228.080324 right
D 0.148156 diff 
H 228.123008 left
H 228.302872 right
D 0.179868 diff 
H 228.303272 left
H 228.50428 left
H 228.557304 right
D 0.254036 diff 
H 228.695088 left
H 228.822096 right
D 0.127008 diff 
H 228.896472 left
H 229.055184 right
D 0.158716 diff 
H 229.076724 left
H 229.267148 left
H 229.309608 right
D 0.232888 diff 
H 229.4791 left
H 229.584972 right
D 0.105876 diff 
H 229.712204 left
H 229.796944 right
D 0.084744 diff 
H 229.913608 left
H 230.030048 right
D 0.11644 diff 
H 230.07272 left
H 230.25258 left
H 230.305612 right
D 0.232892 diff 
H 230.443392 left
H 230.5387 right
D 0.095308 diff 
H 230.623644 left
H 230.803512 left
H 230.835412 right
D 0.211772 diff 
H 230.983768 left
H 231.100212 right
D 0.116448 diff 
H 231.153464 left
H 231.322752 left
H 231.365212 right
D 0.211752 diff 
H 231.492424 left
H 231.608876 right
D 0.116452 diff 
H 231.683248 left
H 231.852532 right
D 0.169284 diff 
H 231.874064 left
H 232.053912 left
H 232.07524 right
D 0.20118 diff 
H 232.2236 left
H 232.318916 right
D 0.095316 diff 
H 232.424996 left
H 232.56258 right
D 0.137592 diff 
H 232.594692 left
H 232.785132 left
H 232.80646 right
D 0.211768 diff 
H 232.954824 left
H 233.029 right
D 0.074172 diff 
H 233.14566 left
H 233.293804 right
D 0.148156 diff 
H 233.34706 left
H 233.50578 left
H 233.537676 right
D 0.190612 diff 
H 233.707176 left
H 233.781348 right
D 0.074172 diff 
H 233.908576 left
H 233.993316 right
D 0.08474 diff 
H 234.099396 left
H 234.2264 right
D 0.127004 diff 
H 234.269072 left
H 234.44892 right
D 0.179852 diff 
H 234.44932 left
H 234.629184 left
H 234.713916 right
D 0.264592 diff 
H 234.819996 left
H 234.978704 right
D 0.158708 diff 
H 235.010812 left
H 235.211808 left
H 235.23314 right
D 0.222332 diff 
H 235.402628 left
H 235.455664 right
D 0.053036 diff 
H 235.614588 left
H 235.709892 right
D 0.095308 diff 
H 235.815976 left
H 235.94298 right
D 0.127008 diff 
H 235.996224 left
H 236.154936 right
D 0.158712 diff 
H 236.18704 left
H 236.366888 left
H 236.398788 right
D 0.211748 diff 
H 236.547144 left
H 236.63188 right
D 0.084736 diff 
H 236.748528 left
H 236.8861 right
D 0.137568 diff 
H 236.949904 left
H 237.108612 right
D 0.158708 diff 
H 237.11958 left
H 237.288852 left
H 237.352448 right
D 0.232872 diff 
H 237.490244 left
H 237.596112 right
D 0.105864 diff 
H 237.691624 left
H 237.829212 right
D 0.137588 diff 
H 237.882452 left
H 238.062304 right
D 0.179856 diff 
H 238.073276 left
H 238.263708 left
H 238.2956 right
D 0.222324 diff 
B 3
H 238.443944 left
H 238.528688 right
D 0.084744 diff 
H 238.645332 left
H 238.740652 right
D 0.095324 diff 
H 238.8256 left
H 239.005444 right
D 0.179848 diff 
H 239.01642 left
H 239.196268 right
D 0.179852 diff 
H 239.196668 left
H 239.387104 left
H 239.471836 right
D 0.275172 diff 
H 239.567364 left
H 239.683812 right
D 0.116448 diff 
H 239.758192 left
H 239.916916 right
D 0.158724 diff 
H 239.949024 left
H 240.128884 right
D 0.179864 diff 
H 240.139852 left
H 240.31972 left
H 240.330476 right
D 0.19062 diff 
H 240.521108 left
H 240.53188 right
D 0.010768 diff 
H 240.733076 left
H 240.786128 right
D 0.053048 diff 
H 240.955628 left
H 240.987528 right
D 0.0319 diff 
H 241.157028 left
H 241.231216 right
D 0.07418 diff 
H 241.35844 left
H 241.464328 right
D 0.105888 diff 
H 241.559856 left
H 241.69744 right
D 0.137588 diff 
H 241.771816 left
H 241.919964 right
D 0.148152 diff 
H 241.952072 left
H 242.110804 left
H 242.163832 right
D 0.211756 diff 
H 242.29106 left
H 242.396932 right
D 0.105876 diff 
H 242.48188 left
H 242.619456 right
D 0.13758 diff 
H 242.662128 left
H 242.831424 left
H 242.863316 right
D 0.201188 diff 
H 243.011668 left
H 243.08584 right
D 0.074176 diff 
H 243.2025 left
H 243.318944 right
D 0.116444 diff 
H 243.372184 left
H 243.55206 left
H 243.562816 right
D 0.190636 diff 
H 243.742872 left
H 243.827608 right
D 0.08474 diff 
H 243.92312 left
H 244.050128 right
D 0.127008 diff 
H 244.11394 left
H 244.293796 right
D 0.179852 diff 
H 244.304764 left
H 244.505772 left
H 244.527096 right
D 0.222332 diff 
H 244.707172 left
H 244.770792 right
D 0.06362 diff 
H 244.887448 left
H 245.025052 right
D 0.1376 diff 
H 245.057152 left
H 245.226452 left
H 245.24778 right
D 0.190632 diff 
H 245.385588 left
H 245.502028 right
D 0.116444 diff 
H 245.576408 left
H 245.766828 right
D 0.190424 diff 
H 245.767232 left
H 245.936528 left
H 246.031832 right
D 0.264592 diff 
H 246.116776 left
H 246.286052 right
D 0.169276 diff 
H 246.307592 left
H 246.476884 left
H 246.519344 right
D 0.211752 diff 
H 246.657116 left
H 246.773568 right
D 0.116452 diff 
H 246.847948 left
H 247.038372 left
H 247.049132 right
D 0.201192 diff 
H 247.21862 left
H 247.292788 right
D 0.074172 diff 
H 247.409436 left
H 247.525876 right
D 0.11644 diff 
H 247.61082 left
H 247.7801 right
D 0.16928 diff 
H 247.80164 left
H 248.002632 left
H 248.055668 right
D 0.254036 diff 
H 248.204008 left
H 248.288744 right
D 0.08474 diff 
H 248.394824 left
H 248.542964 right
D 0.148144 diff 
H 248.617348 left
H 248.765496 right
D 0.148148 diff 
H 248.829312 left
H 248.9986 left
H 249.04106 right
D 0.211748 diff 
H 249.189412 left
H 249.30586 right
D 0.116452 diff 
H 249.390804 left
H 249.538948 right
D 0.14814 diff 
H 249.602764 left
H 249.750912 right
D 0.148148 diff 
H 249.814716 left
H 249.962868 right
D 0.148152 diff 
H 249.994968 left
H 250.195976 left
H 250.206732 right
D 0.211764 diff 
H 250.397372 left
H 250.439844 right
D 0.042472 diff 
H 250.598756 left
H 250.662356 right
D 0.0636 diff 
H 250.768432 left
H 250.91658 right
D 0.148144 diff 
H 250.948688 left
H 251.149684 left
H 251.16044 right
D 0.211756 diff 
H 251.340504 left
H 251.393536 right
D 0.053032 diff 
H 251.552456 left
H 251.62662 right
D 0.074168 diff 
H 251.711568 left
H 251.880848 right
D 0.16928 diff 
H 251.912948 left
H 252.113944 left
H 252.1247 right
D 0.211756 diff 
H 252.304772 left
H 252.357808 right
D 0.053036 diff 
H 252.50616 left
H 252.60148 right
D 0.09532 diff 
H 252.728708 left
H 252.855712 right
D 0.127008 diff 
H 252.94066 left
H 253.078232 right
D 0.137572 diff 
H 253.142056 left
H 253.300764 right
D 0.158712 diff 
H 253.311732 left
H 253.512732 left
H 253.523492 right
D 0.211756 diff 
H 253.7247 left
H 253.756592 right
D 0.031896 diff 
H 253.915516 left
H 254.021384 right
D 0.105872 diff 
H 254.106332 left
H 254.24392 right
D 0.137592 diff 
H 254.286588 left
H 254.477004 right
D 0.190412 diff 
H 254.49854 left
H 254.6784 left
H 254.763128 right
D 0.264592 diff 
H 254.869212 left
H 254.964528 right
D 0.095316 diff 
H 255.070608 left
H 255.30332 left
H 255.45146 right
D 0.380856 diff 
H 255.483564 left
H 255.663436 left
H 255.674196 right
D 0.190636 diff 
H 255.85428 left
H 255.907312 right
D 0.053036 diff 
H 256.03452 left
H 256.161528 right
D 0.127012 diff 
H 256.214768 left
H 256.39462 right
D 0.179848 diff 
H 256.405588 left
H 256.606588 left
H 256.617344 right
D 0.211764 diff 
H 256.786844 left
H 256.839888 right
D 0.053048 diff 
H 256.967104 left
H 257.104688 right
D 0.137584 diff 
H 257.157928 left
H 257.348336 left
H 257.369664 right
D 0.21174 diff 
H 257.560272 left
H 257.602744 right
D 0.042472 diff 
H 257.793376 left
H 257.825272 right
D 0.031896 diff 
H 258.015892 left
H 258.037224 right
D 0.021332 diff 
H 258.249008 left
H 258.259772 right
D 0.010768 diff 
B 1
H 258.439832 left
H 258.461168 right
D 0.021332 diff 
H 258.630652 left
H 258.683696 right
D 0.05304 diff 
H 258.821476 left
H 258.885076 right
D 0.063596 diff 
H 259.001728 left
H 259.086464 right
D 0.08474 diff 
H 259.181976 left
H 259.308992 right
D 0.12702 diff 
H 259.372796 left
H 259.5315 right
D 0.158704 diff 
H 259.57418 left
H 259.74346 right
D 0.169276 diff 
H 259.754428 left
H 259.94484 left
H 259.976732 right
D 0.222308 diff 
H 260.146228 left
H 260.220404 right
D 0.074176 diff 
H 260.337044 left
H 260.421776 right
D 0.084736 diff 
H 260.506716 left
H 260.665424 right
D 0.158712 diff 
H 260.676392 left
H 260.8351 left
H 260.888132 right
D 0.211744 diff 
H 260.99422 left
H 261.121228 right
D 0.127008 diff 
H 261.185032 left
H 261.343744 right
D 0.158712 diff 
H 261.365284 left
H 261.545148 right
D 0.179864 diff 
H 261.545544 left
H 261.7677 left
H 261.789036 right
D 0.243492 diff 
H 261.969112 left
H 261.979872 right
D 0.01076 diff 
H 262.170512 left
H 262.20242 right
D 0.031904 diff 
H 262.371912 left
H 262.414384 right
D 0.042468 diff 
H 262.552168 left
H 262.67918 right
D 0.127016 diff 
H 262.75356 left
H 262.870004 right
D 0.116452 diff 
H 262.944388 left
H 263.092548 right
D 0.148164 diff 
H 263.15636 left
H 263.304516 right
D 0.148156 diff 
H 263.347188 left
H 263.527036 right
D 0.179844 diff 
H 263.538 left
H 263.739004 right
D 0.201004 diff 
H 263.749968 left
H 263.940408 left
H 263.9723 right
D 0.222332 diff 
H 264.120656 left
H 264.194828 right
D 0.074172 diff 
H 264.300924 left
H 264.39624 right
D 0.09532 diff 
H 264.502336 left
H 264.682188 right
D 0.179856 diff 
H 264.69316 left
H 264.894156 left
H 264.904912 right
D 0.211756 diff 
H 265.09554 left
H 265.127436 right
D 0.0319 diff 
H 265.296924 left
H 265.371096 right
D 0.074172 diff 
H 265.477184 left
H 265.614756 right
D 0.137576 diff 
H 265.67856 left
H 265.826696 right
D 0.14814 diff 
H 266.049024 right
H 266.059812 left
D -0.010788 diff 
H 266.239864 left
H 266.271776 right
D 0.031908 diff 
H 266.441276 left
H 266.494316 right
D 0.05304 diff 
H 266.610976 left
H 266.71686 right
D 0.105884 diff 
H 266.791248 left
H 266.971096 right
D 0.179852 diff 
H 266.9715 left
H 267.19364 left
H 267.225536 right
D 0.254028 diff 
H 267.39504 left
H 267.437516 right
D 0.042472 diff 
H 267.596456 left
H 267.67062 right
D 0.074168 diff 
H 267.776708 left
H 267.882588 right
D 0.10588 diff 
H 267.956968 left
H 268.105116 right
D 0.148148 diff 
H 268.147792 left
H 268.33822 left
H 268.348984 right
D 0.201192 diff 
H 0.093588 left
H 0.114924 right
D 0.021332 diff 
H 0.284412 left
H 0.337452 right
D 0.05304 diff 
H 0.475236 left
H 0.549404 right
D 0.074172 diff 
H 0.655488 left
H 0.782504 right
D 0.12702 diff 
H 0.856888 left
H 0.9839 right
D 0.12702 diff 
H 1.058288 left
H 1.195876 right
D 0.1376 diff 
H 1.249132 left
H 1.450124 right
D 0.200984 diff 
H 1.482224 left
H 1.662076 left
H 1.683404 right
D 0.201188 diff 
H 1.842328 left
H 1.90594 right
D 0.063616 diff 
H 2.022584 left
H 2.1496 right
D 0.12702 diff 
H 2.22398 left
H 2.37214 right
D 0.148152 diff 
H 2.435948 left
H 2.605256 right
D 0.169304 diff 
H 2.60566 left
H 2.838372 left
H 2.849144 right
D 0.243476 diff 
H 3.01864 left
H 3.071684 right
D 0.05304 diff 
H 3.209484 left
H 3.32596 right
D 0.116476 diff 
H 3.410912 left
H 3.53794 right
D 0.12702 diff 
H 3.633468 left
H 3.73934 right
D 0.105872 diff 
H 3.834864 left
H 3.972448 right
D 0.137576 diff 
H 4.015128 left
H 4.226684 right
D 0.211556 diff 
H 4.2271 left
H 4.428108 left
H 4.460008 right
D 0.232908 diff 
H 4.608384 left
H 4.69312 right
D 0.08474 diff 
H 4.830908 left
H 4.915652 right
D 0.084744 diff 
H 5.000592 left
H 5.148756 right
D 0.148164 diff 
H 5.201992 left
H 5.371284 right
D 0.169296 diff 
H 5.382252 left
H 5.572672 right
D 0.190416 diff 
H 5.58364 left
H 5.774064 left
H 5.7954 right
D 0.21176 diff 
H 5.975444 left
H 6.028492 right
D 0.053044 diff 
H 6.187416 left
H 6.261596 right
D 0.074188 diff 
H 6.35712 left
H 6.462996 right
D 0.10588 diff 
H 6.547936 left
H 6.67496 right
D 0.127024 diff 
H 6.728192 left
H 6.908048 right
D 0.179856 diff 
H 6.91902 left
H 7.120024 left
H 7.130788 right
D 0.211768 diff 
H 7.321424 left
H 7.353332 right
D 0.031908 diff 
H 7.533404 left
H 7.597012 right
D 0.063608 diff 
H 7.724224 left
H 7.830112 right
D 0.105888 diff 
H 7.904484 left
H 8.084368 right
D 0.179892 diff 
H 8.116476 left
H 8.296344 right
D 0.179876 diff 
H 8.328456 left
H 8.540024 left
H 8.582508 right
D 0.254056 diff 
H 8.720304 left
H 8.847336 right
D 0.127032 diff 
H 8.900592 left
H 9.048756 right
D 0.14816 diff 
H 9.070304 left
H 9.271332 left
H 9.313792 right
D 0.243492 diff 
H 9.504424 left
H 9.557464 right
D 0.053044 diff 
H 9.705824 left
H 9.779996 right
D 0.074172 diff 
H 9.907228 left
B 2
H 10.023668 right
D 0.116444 diff 
H 10.119204 left
H 10.288504 right
D 0.169304 diff 
H 10.331184 left
H 10.521628 left
H 10.564088 right
D 0.232908 diff 
H 10.71244 right
H 10.733788 left
D -0.021348 diff 
H 10.945556 left
H 10.966888 right
D 0.02134 diff 
H 11.14696 left
H 11.210568 right
D 0.063608 diff 
H 11.327224 left
H 11.42254 right
D 0.095316 diff 
H 11.507496 left
H 11.634516 right
D 0.127028 diff 
H 11.68776 left
H 11.867624 right
D 0.179856 diff 
H 11.878592 left
H 12.04788 left
H 12.111484 right
D 0.232892 diff 
H 12.249272 left
H 12.30232 right
D 0.053052 diff 
H 12.408412 left
H 12.556576 right
D 0.148164 diff 
H 12.599248 left
H 12.779112 left
H 12.80044 right
D 0.201188 diff 
H 12.959384 left
H 13.054688 right
D 0.095308 diff 
H 13.171368 left
H 13.340652 right
D 0.169296 diff 
H 13.362204 left
H 13.563232 left
H 13.616268 right
D 0.254068 diff 
H 13.743492 left
H 13.944488 right
D 0.200996 diff 
H 13.955464 left
H 14.167036 left
H 14.22008 right
D 0.264616 diff 
H 14.368444 left
H 14.506032 right
D 0.137588 diff 
H 14.538132 left
H 14.739144 left
H 14.781612 right
D 0.24348 diff 
H 14.951104 left
H 15.08868 right
D 0.137576 diff 
H 15.141924 left
H 15.311232 left
H 15.37484 right
D 0.23292 diff 
H 15.502056 left
H 15.639644 right
D 0.137592 diff 
H 15.682316 left
H 15.88332 right
D 0.201004 diff 
H 15.883724 left
H 16.105868 left
H 16.148352 right
D 0.264628 diff 
H 16.307284 left
H 16.392028 right
D 0.084752 diff 
H 16.498116 left
H 16.67798 right
D 0.179868 diff 
H 16.678384 left
H 16.858248 left
H 16.921856 right
D 0.243464 diff 
H 17.059636 left
H 17.207784 right
D 0.148148 diff 
H 17.261028 left
H 17.472576 right
D 0.211552 diff 
H 17.47298 left
H 17.663412 left
H 17.727012 right
D 0.254024 diff 
H 17.864808 left
H 17.991816 right
D 0.127008 diff 
H 18.076764 left
H 18.25662 right
D 0.179856 diff 
H 18.288728 left
H 18.500308 left
H 18.521644 right
D 0.232916 diff 
H 18.7017 left
H 18.765304 right
D 0.063604 diff 
H 18.903088 left
H 18.998404 right
D 0.095316 diff 
H 19.157328 left
H 19.252636 right
D 0.095308 diff 
H 19.369292 left
H 19.54914 right
D 0.179856 diff 
H 19.591816 left
H 19.813952 right
D 0.22214 diff 
H 19.814356 left
H 20.047072 right
D 0.232704 diff 
H 20.068604 left
H 20.280184 left
H 20.3121 right
D 0.243492 diff 
H 20.449904 left
H 20.555788 right
D 0.105884 diff 
H 20.60904 left
H 20.788912 left
H 20.831376 right
D 0.222332 diff 
H 20.979744 left
H 21.085616 right
D 0.105872 diff 
H 21.17056 left
H 21.329284 right
D 0.158728 diff 
H 21.361392 left
H 21.562396 left
H 21.604864 right
D 0.243472 diff 
H 21.7638 left
H 21.85912 right
D 0.095324 diff 
H 21.9652 left
H 22.10278 right
D 0.137576 diff 
H 22.156032 left
H 22.357032 left
H 22.378356 right
D 0.222332 diff 
H 22.537292 left
H 22.63262 right
D 0.095332 diff 
H 22.707 left
H 22.886844 right
D 0.179848 diff 
H 22.90838 left
H 23.088228 left
H 23.130692 right
D 0.222316 diff 
H 23.279044 left
H 23.374356 right
D 0.095312 diff 
H 23.469864 left
H 23.628576 right
D 0.158712 diff 
H 23.671252 left
H 23.851096 left
H 23.893564 right
D 0.222312 diff 
H 24.041908 left
H 24.126652 right
D 0.084744 diff 
H 24.253864 left
H 24.380876 right
D 0.127012 diff 
H 24.455252 left
H 24.603416 right
D 0.148164 diff 
H 24.646092 left
H 24.815388 left
H 24.857856 right
D 0.211764 diff 
H 24.995644 left
H 25.122652 right
D 0.127016 diff 
H 25.165332 left
H 25.345216 left
H 25.387684 right
D 0.222356 diff 
H 25.525484 left
H 25.599668 right
D 0.074188 diff 
H 25.716328 left
H 25.875064 right
D 0.158736 diff 
H 25.907168 left
H 26.097608 left
H 26.108376 right
D 0.201204 diff 
H 26.288444 left
H 26.362616 right
D 0.074172 diff 
H 26.468716 left
H 26.606304 right
D 0.137592 diff 
H 26.648988 left
H 26.818268 left
H 26.871308 right
D 0.222324 diff 
H 27.009108 left
H 27.125564 right
D 0.11646 diff 
H 27.189376 left
H 27.379796 right
D 0.190424 diff 
H 27.401336 left
H 27.581196 left
H 27.62366 right
D 0.222324 diff 
H 27.782572 left
H 27.899028 right
D 0.11646 diff 
H 27.973404 left
H 28.142684 right
D 0.169284 diff 
H 28.16422 left
H 28.34408 left
H 28.397124 right
D 0.2329 diff 
H 28.524344 left
H 28.672496 right
D 0.148156 diff 
H 28.715176 left
H 28.8739 right
D 0.158724 diff 
H 28.906008 left
H 29.085888 left
H 29.128356 right
D 0.222348 diff 
H 29.266152 left
H 29.372044 right
D 0.105892 diff 
H 29.467556 left
H 29.615712 right
D 0.148152 diff 
H 29.658384 left
H 29.8594 left
H 29.87016 right
D 0.211776 diff 
B 3
H 30.03966 left
H 30.082132 right
D 0.042468 diff 
H 30.219924 left
H 30.34694 right
D 0.12702 diff 
H 30.421344 left
H 30.55892 right
D 0.13758 diff 
H 30.601608 left
H 30.770896 right
D 0.169292 diff 
H 30.771312 left
H 30.972304 left
H 31.014772 right
D 0.243464 diff 
H 31.163132 left
H 31.300728 right
D 0.137596 diff 
H 31.343392 left
H 31.491548 right
D 0.148156 diff 
H 31.555356 left
H 31.735212 right
D 0.179856 diff 
H 31.767312 left
H 31.957736 left
H 31.9685 right
D 0.201188 diff 
H 32.137976 left
H 32.19102 right
D 0.05304 diff 
H 32.360512 left
H 32.43468 right
D 0.074172 diff 
H 32.551324 left
H 32.67834 right
D 0.12702 diff 
H 32.763292 left
H 32.900876 right
D 0.137584 diff 
H 32.964688 left
H 33.144556 right
D 0.179864 diff 
H 33.166096 left
