1571855722.48
H 0.076252 left
H 0.245312 right
D 0.16906 diff 
H 0.245704 left
H 0.404444 left
H 0.573728 left
H 0.753588 left
H 0.85946 right
D 0.613748 diff 
H 0.9444 left
H 1.113688 left
H 1.282992 left
H 1.45228 left
H 1.484172 right
D 0.539776 diff 
H 1.621976 left
H 1.79128 left
H 1.960584 left
H 2.12988 left
H 2.161776 right
D 0.539796 diff 
H 2.29958 left
H 2.468876 left
H 2.627592 left
H 2.807444 left
H 2.892172 right
D 0.592592 diff 
H 2.97712 left
H 3.146424 left
H 3.30514 left
H 3.46386 left
H 3.559156 right
D 0.582036 diff 
H 3.622976 left
H 3.792268 left
H 3.972128 left
H 4.13086 left
H 4.268436 right
D 0.645464 diff 
H 4.311112 left
H 4.469836 left
H 4.649688 left
H 4.829536 left
H 4.914268 right
D 0.60316 diff 
H 4.999208 left
H 5.168508 left
H 5.327228 left
H 5.5071 left
H 5.560124 right
D 0.560912 diff 
H 5.676776 left
H 5.846064 left
H 6.01536 left
H 6.184644 left
H 6.258808 right
D 0.582028 diff 
H 6.35432 left
H 6.53418 left
H 6.70346 left
H 6.883324 left
H 6.925792 right
D 0.571476 diff 
H 7.053004 left
H 7.222304 left
H 7.40216 left
H 7.582008 right
D 0.529004 diff 
H 7.582404 left
H 7.762272 left
H 7.94214 left
H 8.121988 left
H 8.249004 right
D 0.6666 diff 
H 8.302248 left
H 8.482112 left
H 8.651416 left
H 8.831272 left
H 8.916008 right
D 0.61376 diff 
H 9.011532 left
H 9.191408 left
H 9.371276 left
H 9.540564 right
D 0.52904 diff 
H 9.540964 left
H 9.720844 left
H 9.921848 left
H 10.09114 left
H 10.228724 right
D 0.687768 diff 
H 10.334804 left
H 10.525236 left
H 10.7051 left
H 10.88496 right
D 0.55016 diff 
H 10.88536 left
H 11.065228 left
H 11.245084 left
H 11.435504 right
D 0.550144 diff 
H 11.4359 left
H 11.615784 left
H 11.795648 left
H 11.964944 right
D 0.52904 diff 
H 11.975908 left
H 12.176916 left
H 12.356764 left
H 12.494328 right
D 0.518424 diff 
H 12.536992 left
H 12.706272 left
H 12.886116 left
H 13.023696 right
D 0.486708 diff 
H 13.076932 left
H 13.267356 left
H 13.447216 left
H 13.637644 left
H 13.701236 right
D 0.624304 diff 
H 13.828468 left
H 14.018912 left
H 14.219912 left
H 14.36806 right
D 0.539588 diff 
H 14.410736 left
H 14.590616 left
H 14.759924 left
H 14.939788 left
H 15.003384 right
D 0.592644 diff 
H 15.12004 left
H 15.310476 left
H 15.500904 left
H 15.627916 right
D 0.507876 diff 
H 15.670588 left
H 15.850464 left
H 16.0409 left
H 16.220768 left
H 16.231524 right
D 0.560936 diff 
H 16.37988 left
H 16.559744 left
H 16.729032 left
H 16.866616 right
D 0.486736 diff 
H 16.898732 left
H 17.078604 left
H 17.258484 left
H 17.438356 left
H 17.491388 right
D 0.592656 diff 
H 17.61862 left
H 17.798476 left
H 17.988892 left
H 18.115912 right
D 0.497296 diff 
H 18.17972 left
B 1
H 18.370176 left
H 18.560608 left
H 18.74046 left
H 18.772356 right
D 0.59264 diff 
H 18.920716 left
H 19.100596 left
H 19.269908 left
H 19.460336 right
D 0.539616 diff 
H 19.460732 left
H 19.651172 left
H 19.831044 left
H 20.021476 left
H 20.053376 right
D 0.592644 diff 
H 20.201732 left
H 20.371036 left
H 20.550908 left
H 20.561664 right
D 0.359932 diff 
H 20.7206 left
H 20.900484 left
H 20.921812 right
D 0.201204 diff 
H 21.080744 left
H 21.271176 left
H 21.451028 left
H 21.461788 right
D 0.381044 diff 
H 21.620744 left
H 21.779464 left
H 21.864196 right
D 0.243456 diff 
H 21.959724 left
H 22.15016 left
H 22.330008 left
H 22.361904 right
D 0.40218 diff 
H 22.489124 left
H 22.647852 left
H 22.83828 right
D 0.349156 diff 
H 22.83868 left
H 23.007992 left
H 23.187844 left
H 23.25144 right
D 0.412748 diff 
H 23.368092 left
H 23.569088 left
H 23.664388 right
D 0.296296 diff 
H 23.781052 left
H 23.982076 left
H 24.172504 left
H 24.19384 right
D 0.412788 diff 
H 24.373912 left
H 24.564352 left
H 24.712508 right
D 0.338596 diff 
H 24.755184 left
H 24.945624 left
H 25.157196 left
H 25.326476 right
D 0.571292 diff 
H 25.34802 left
H 25.549024 left
H 25.750032 left
H 25.80306 right
D 0.455036 diff 
H 25.930272 left
H 26.120696 left
H 26.311104 left
H 26.4064 right
D 0.476128 diff 
H 26.49134 left
H 26.671204 left
H 26.861624 right
D 0.370288 diff 
H 26.862024 left
H 27.04188 left
H 27.221724 left
H 27.306456 right
D 0.444436 diff 
H 27.401968 left
H 27.592396 left
H 27.74054 right
D 0.338568 diff 
H 27.772636 left
H 27.963072 left
H 28.132368 left
H 28.322808 left
H 28.333576 right
D 0.560936 diff 
H 28.481948 left
H 28.672376 left
H 28.757112 right
D 0.275164 diff 
H 28.852624 left
H 29.03248 left
H 29.170052 right
D 0.317428 diff 
H 29.2233 left
H 29.403168 left
H 29.551308 right
D 0.328004 diff 
H 29.583416 left
H 29.752708 left
H 29.943124 left
H 29.953884 right
D 0.370472 diff 
H 30.133948 left
H 30.324372 left
H 30.461948 right
D 0.328004 diff 
H 30.504636 left
H 30.684496 left
H 30.864352 left
H 30.959664 right
D 0.455028 diff 
H 31.04462 left
H 31.224488 left
H 31.404368 left
H 31.4574 right
D 0.41278 diff 
H 31.595196 left
H 31.78564 left
H 31.9655 left
H 32.007964 right
D 0.412764 diff 
H 32.14576 left
H 32.336188 left
H 32.516036 right
D 0.370284 diff 
H 32.516444 left
H 32.706892 left
H 32.886756 left
H 33.034912 right
D 0.518464 diff 
H 33.077584 left
H 33.268024 left
H 33.458456 left
H 33.543216 right
D 0.465632 diff 
H 33.670432 left
H 33.850288 left
H 34.009008 right
D 0.338584 diff 
H 34.04112 left
H 34.231564 left
H 34.421988 left
H 34.485604 right
D 0.444484 diff 
H 34.623396 left
H 34.813844 left
H 34.919732 right
D 0.296332 diff 
H 34.994104 left
H 35.184544 left
H 35.396128 left
H 35.459744 right
D 0.465636 diff 
H 35.586964 left
H 35.78798 left
H 35.96784 right
D 0.38088 diff 
H 35.989388 left
H 36.179836 left
H 36.38084 left
H 36.486716 right
D 0.497324 diff 
H 36.58224 left
H 36.7621 left
H 36.963088 left
H 37.037256 right
D 0.455008 diff 
H 37.16446 left
H 37.354892 left
H 37.524168 right
D 0.359704 diff 
H 37.545704 left
H 37.746716 left
H 37.92658 left
H 38.043016 right
D 0.497316 diff 
H 38.127972 left
H 38.318408 left
B 2
H 38.508836 left
H 38.614708 right
D 0.486736 diff 
H 38.699672 left
H 38.89012 left
H 39.080552 left
H 39.13358 right
D 0.433908 diff 
H 39.239676 left
H 39.430128 left
H 39.631136 left
H 39.82156 left
H 39.853452 right
D 0.613772 diff 
H 40.02296 left
H 40.213392 left
H 40.39326 right
D 0.370296 diff 
H 40.404228 left
H 40.584096 left
H 40.785112 left
H 40.975532 left
H 40.986288 right
D 0.58206 diff 
H 41.17692 left
H 41.356768 left
H 41.462632 right
D 0.285716 diff 
H 41.537016 left
H 41.7063 left
H 41.907284 left
H 42.055428 right
D 0.518412 diff 
H 42.087536 left
H 42.27796 left
H 42.468396 left
H 42.658828 right
D 0.571288 diff 
H 42.659224 left
H 42.86024 left
H 43.0401 left
H 43.241112 left
H 43.26244 right
D 0.603208 diff 
H 43.410804 left
H 43.580092 left
H 43.77052 left
H 43.823548 right
D 0.412744 diff 
H 43.95078 left
H 44.130644 left
H 44.310484 right
D 0.359712 diff 
H 44.321452 left
H 44.511892 left
H 44.71288 left
H 44.808204 right
D 0.486752 diff 
H 44.903736 left
H 45.094184 left
H 45.274036 right
D 0.370308 diff 
H 45.295572 left
H 45.47544 left
H 45.676436 left
H 45.761192 right
D 0.465616 diff 
H 45.86728 left
H 46.05772 left
H 46.248148 left
H 46.311752 right
D 0.444472 diff 
H 46.449556 left
H 46.629448 left
H 46.819872 right
D 0.370312 diff 
H 46.820272 left
H 47.021276 left
H 47.201144 left
H 47.381008 right
D 0.56072 diff 
H 47.40254 left
H 47.571864 left
H 47.762308 left
H 47.910468 right
D 0.507932 diff 
H 47.942572 left
H 48.14358 left
H 48.334016 left
H 48.482164 right
D 0.539592 diff 
H 48.514272 left
H 48.683572 left
H 48.874004 left
H 49.053864 left
H 49.064624 right
D 0.550352 diff 
H 49.2447 left
H 49.445692 left
H 49.614968 right
D 0.370268 diff 
H 49.6365 left
H 49.848048 left
H 50.04906 left
H 50.123224 right
D 0.486724 diff 
H 50.229312 left
H 50.40918 left
H 50.610164 left
H 50.726604 right
D 0.497292 diff 
H 50.790424 left
H 50.991436 left
H 51.181856 left
H 51.256024 right
D 0.465596 diff 
H 51.372692 left
H 51.573712 left
H 51.764144 left
H 51.78548 right
D 0.412788 diff 
H 51.954984 left
H 52.13486 left
H 52.33586 left
H 52.410036 right
D 0.455056 diff 
H 52.494996 left
H 52.674872 left
H 52.865304 left
H 53.045152 right
D 0.550164 diff 
H 53.05612 left
H 53.236 left
H 53.405288 left
H 53.595732 left
H 53.627624 right
D 0.571504 diff 
H 53.786556 left
H 53.98756 left
H 54.178 left
H 54.231036 right
D 0.44448 diff 
H 54.368844 left
H 54.548724 left
H 54.739152 left
H 54.749908 right
D 0.381064 diff 
H 54.919408 left
H 55.109848 left
H 55.300268 right
D 0.38086 diff 
H 55.300664 left
H 55.501668 left
H 55.692088 left
H 55.871924 right
D 0.571256 diff 
H 55.87232 left
H 56.052196 left
H 56.242604 left
H 56.422452 right
D 0.550128 diff 
H 56.43342 left
H 56.623856 left
H 56.81428 left
H 56.994144 left
H 57.036608 right
D 0.603192 diff 
H 57.19554 left
H 57.385976 left
H 57.586956 right
D 0.391416 diff 
H 57.587356 left
H 57.777792 left
H 57.968232 left
H 58.158664 right
D 0.571308 diff 
H 58.169628 left
H 58.360068 left
B 3
H 58.539936 left
H 58.677532 right
D 0.507904 diff 
H 58.73078 left
H 58.931784 left
H 59.132792 left
H 59.323228 left
H 59.3657 right
D 0.63492 diff 
H 59.535212 left
H 59.725636 left
H 59.873776 right
D 0.338556 diff 
H 59.937576 left
H 60.127988 left
H 60.276132 right
D 0.338556 diff 
H 60.329372 left
H 60.530388 left
H 60.720812 left
H 60.731568 right
D 0.4022 diff 
H 60.91164 left
H 61.123212 left
H 61.271348 right
D 0.359712 diff 
H 61.314016 left
H 61.525592 left
H 61.684316 right
D 0.370292 diff 
H 61.726988 left
H 61.938552 left
H 62.13956 left
H 62.224292 right
D 0.497312 diff 
H 62.340948 left
H 62.541948 left
H 62.690096 right
D 0.34914 diff 
H 62.743336 left
H 62.933752 left
H 63.12418 left
H 63.156072 right
D 0.412744 diff 
H 63.304428 left
H 63.494856 left
H 63.632432 right
D 0.328008 diff 
H 63.675104 left
H 63.865548 left
H 64.055976 left
H 64.098436 right
D 0.423328 diff 
H 64.246796 left
H 64.447784 left
H 64.543092 right
D 0.2963 diff 
H 64.649176 left
H 64.850188 left
H 64.987788 right
D 0.338608 diff 
H 65.0516 left
H 65.242024 left
H 65.411316 right
D 0.359712 diff 
H 65.443416 left
H 65.633868 left
H 65.83488 right
D 0.391468 diff 
H 65.835284 left
H 66.025724 left
H 66.216152 left
H 66.353732 right
D 0.51844 diff 
H 66.417544 left
H 66.607992 left
H 66.798428 left
H 66.809196 right
D 0.391648 diff 
H 66.989276 left
H 67.169144 left
H 67.29616 right
D 0.306888 diff 
H 67.370548 left
H 67.550416 left
H 67.73028 left
H 67.793896 right
D 0.42336 diff 
H 67.910556 left
H 68.100996 left
H 68.270296 left
H 68.281052 right
D 0.370492 diff 
H 68.461124 left
H 68.630428 left
H 68.76802 right
D 0.306892 diff 
H 68.821252 left
H 68.990552 left
H 69.17042 left
H 69.255164 right
D 0.433916 diff 
H 69.350696 left
H 69.520008 left
H 69.710424 left
H 69.731748 right
D 0.381056 diff 
H 69.901256 left
H 70.091684 left
H 70.218712 right
D 0.317456 diff 
H 70.271956 left
H 70.462416 left
H 70.631712 left
H 70.684736 right
D 0.412776 diff 
H 70.822528 left
H 71.012952 left
H 71.182252 right
D 0.359732 diff 
H 71.193224 left
H 71.383656 left
H 71.552936 left
H 71.637684 right
D 0.44446 diff 
H 71.7332 left
H 71.923632 left
H 72.092932 left
H 72.124824 right
D 0.39162 diff 
H 72.26262 left
H 72.453064 left
H 72.622348 right
D 0.359724 diff 
H 72.643884 left
H 72.80262 left
H 72.97192 left
H 73.06722 right
D 0.423336 diff 
H 73.16276 left
H 73.353204 left
H 73.501348 right
D 0.338588 diff 
H 73.53346 left
H 73.723892 left
H 73.903752 left
H 73.956776 right
D 0.423316 diff 
H 74.084008 left
H 74.26388 left
H 74.390896 right
D 0.306888 diff 
H 74.433572 left
H 74.602876 left
H 74.78274 left
H 74.89918 right
D 0.465608 diff 
H 74.984132 left
H 75.164 left
H 75.301568 right
D 0.31744 diff 
H 75.344248 left
H 75.524116 left
H 75.682836 left
H 75.77814 right
D 0.433896 diff 
H 75.873664 left
H 76.0641 left
H 76.23338 right
D 0.35972 diff 
H 76.25492 left
H 76.445352 left
H 76.62522 left
H 76.741668 right
D 0.486748 diff 
H 76.826636 left
H 77.006504 left
H 77.19694 left
H 77.281672 right
D 0.45504 diff 
H 77.4089 left
H 77.609908 left
H 77.768628 right
D 0.35974 diff 
H 77.80074 left
H 77.980592 left
H 78.149896 left
H 78.22406 right
D 0.423324 diff 
H 78.351284 left
B 1
H 78.541728 left
H 78.732172 right
D 0.380888 diff 
H 78.732576 left
H 78.923032 left
H 79.102896 left
H 79.166504 right
D 0.433924 diff 
H 79.29372 left
H 79.494732 left
H 79.68518 left
H 79.706504 right
D 0.412784 diff 
H 79.876 left
H 80.077012 left
H 80.172316 right
D 0.296312 diff 
H 80.257252 left
H 80.4477 left
H 80.627556 right
D 0.370308 diff 
H 80.649108 left
H 80.839544 left
H 81.02998 left
H 81.061884 right
D 0.41278 diff 
H 81.2314 left
H 81.421832 left
H 81.569972 right
D 0.338568 diff 
H 81.60208 left
H 81.792504 left
H 81.972356 left
H 82.004248 right
D 0.402168 diff 
H 82.163168 left
H 82.353588 left
H 82.543996 left
H 82.554752 right
D 0.391596 diff 
H 82.73482 left
H 82.925256 left
H 83.03112 right
D 0.296304 diff 
H 83.116068 left
H 83.306504 left
H 83.486364 left
H 83.497124 right
D 0.381056 diff 
H 83.6772 left
H 83.867636 left
H 83.910108 right
D 0.232912 diff 
H 84.058464 left
H 84.248904 left
H 84.354764 right
D 0.296296 diff 
H 84.439724 left
H 84.640736 left
H 84.83118 left
H 84.884216 right
D 0.444492 diff 
H 85.02202 left
H 85.212448 left
H 85.328888 right
D 0.30688 diff 
H 85.403284 left
H 85.583172 left
H 85.7736 right
D 0.37032 diff 
H 85.774 left
H 85.964436 left
H 86.15486 left
H 86.19732 right
D 0.423324 diff 
H 86.356248 left
H 86.546684 left
H 86.62086 right
D 0.264608 diff 
H 86.71638 left
H 86.917388 left
H 87.044412 right
D 0.328028 diff 
H 87.097656 left
H 87.288096 left
H 87.467952 right
D 0.370308 diff 
H 87.478928 left
H 87.6588 left
H 87.859796 left
H 87.870552 right
D 0.391628 diff 
H 88.061176 left
H 88.26218 left
H 88.325792 right
D 0.26462 diff 
H 88.45302 left
H 88.632912 left
H 88.770496 right
D 0.317476 diff 
H 88.82374 left
H 89.003616 left
H 89.183488 right
D 0.35974 diff 
H 89.194452 left
H 89.384888 left
H 89.585892 left
H 89.67064 right
D 0.476188 diff 
H 89.7873 left
H 89.977748 left
H 90.104772 right
D 0.317472 diff 
H 90.179152 left
H 90.35902 left
H 90.486036 right
D 0.306884 diff 
H 90.560404 left
H 90.740288 left
H 90.93072 left
H 91.004892 right
D 0.444488 diff 
H 91.121556 left
H 91.32256 left
H 91.428436 right
D 0.306872 diff 
H 91.523948 left
H 91.714376 left
H 91.904788 right
D 0.380836 diff 
H 91.905192 left
H 92.085064 left
H 92.275484 left
H 92.30738 right
D 0.402184 diff 
H 92.476872 left
H 92.667292 left
H 92.752032 right
D 0.27516 diff 
H 92.858108 left
H 93.059108 left
H 93.14384 right
D 0.285732 diff 
H 93.23936 left
H 93.419212 left
H 93.577924 right
D 0.338564 diff 
H 93.61004 left
H 93.789904 left
H 93.980328 left
H 94.043924 right
D 0.433888 diff 
H 94.160592 left
H 94.35102 left
H 94.541452 left
H 94.56278 right
D 0.402184 diff 
H 94.73228 left
H 94.93328 left
H 94.965172 right
D 0.232888 diff 
H 95.124116 left
H 95.314536 left
H 95.462676 right
D 0.33856 diff 
H 95.494776 left
H 95.69578 left
H 95.87566 left
H 95.918124 right
D 0.423352 diff 
H 96.077048 left
H 96.278044 left
H 96.373352 right
D 0.296308 diff 
H 96.46886 left
H 96.659304 left
H 96.79688 right
D 0.328016 diff 
H 96.82898 left
H 97.01942 left
H 97.209848 left
H 97.273444 right
D 0.444468 diff 
H 97.400672 left
H 97.580544 left
H 97.749824 right
D 0.349148 diff 
H 97.771364 left
H 97.972364 left
H 98.141652 left
H 98.268652 right
D 0.497284 diff 
H 98.34302 left
B 2
H 98.522868 left
H 98.692152 right
D 0.349132 diff 
H 98.70312 left
H 98.893552 left
H 99.08398 left
H 99.200412 right
D 0.497288 diff 
H 99.306504 left
H 99.507516 left
H 99.666224 right
D 0.35972 diff 
H 99.698324 left
H 99.899344 left
H 100.005232 right
D 0.306904 diff 
H 100.090192 left
H 100.291184 left
H 100.481616 right
D 0.39142 diff 
H 100.492584 left
H 100.67244 left
H 100.862876 right
D 0.3703 diff 
H 100.86328 left
H 101.064304 left
H 101.24416 right
D 0.380868 diff 
H 101.255128 left
H 101.445556 left
H 101.635996 left
H 101.657332 right
D 0.402196 diff 
H 101.847956 left
H 102.038392 left
H 102.123136 right
D 0.275176 diff 
H 102.239788 left
H 102.440808 left
H 102.536108 right
D 0.296328 diff 
H 102.6422 left
H 102.853756 left
H 102.927928 right
D 0.285724 diff 
H 103.05514 left
H 103.256132 left
H 103.277464 right
D 0.222332 diff 
H 103.446952 left
H 103.63738 left
H 103.658704 right
D 0.211752 diff 
H 103.828208 left
H 104.018636 left
H 104.061096 right
D 0.232888 diff 
H 104.220028 left
H 104.421044 left
H 104.495204 right
D 0.275176 diff 
H 104.61186 left
H 104.81286 left
H 104.929304 right
D 0.317444 diff 
H 105.003688 left
H 105.194132 left
H 105.3317 right
D 0.328016 diff 
H 105.374388 left
H 105.564824 left
H 105.765808 left
H 105.787144 right
D 0.412756 diff 
H 105.956636 left
H 106.136528 left
H 106.147288 right
D 0.190656 diff 
H 106.337924 left
H 106.528344 right
D 0.190424 diff 
H 106.528744 left
H 106.719192 left
H 106.90962 left
H 106.930952 right
D 0.402196 diff 
H 107.089884 left
H 107.280308 left
H 107.417904 right
D 0.328016 diff 
H 107.47114 left
H 107.66158 left
H 107.799176 right
D 0.32804 diff 
H 107.852416 left
H 108.04286 left
H 108.222724 left
H 108.265184 right
D 0.412768 diff 
H 108.413544 left
H 108.593428 left
H 108.74158 right
D 0.32804 diff 
H 108.784256 left
H 108.974692 left
H 109.122844 right
D 0.338584 diff 
H 109.176076 left
H 109.366524 left
H 109.556956 left
H 109.567716 right
D 0.39164 diff 
H 109.747788 left
H 109.938224 left
H 109.980696 right
D 0.232908 diff 
H 110.12906 left
H 110.330072 left
H 110.3514 right
D 0.222336 diff 
H 110.531472 left
H 110.721912 left
H 110.774956 right
D 0.243476 diff 
H 110.90218 left
H 111.092632 left
H 111.230224 right
D 0.32804 diff 
H 111.283464 left
H 111.48446 left
H 111.674904 left
H 111.685672 right
D 0.402208 diff 
H 111.855184 left
H 112.056184 left
H 112.13036 right
D 0.27518 diff 
H 112.247016 left
H 112.448024 left
H 112.511628 right
D 0.264612 diff 
H 112.638856 left
H 112.829304 left
H 112.92462 right
D 0.285764 diff 
H 113.020136 left
H 113.210584 left
H 113.3376 right
D 0.317464 diff 
H 113.401412 left
H 113.591876 left
H 113.71888 right
D 0.317472 diff 
H 113.782684 left
H 113.983708 left
H 114.13186 right
D 0.34918 diff 
H 114.17454 left
H 114.354408 left
H 114.492004 right
D 0.317464 diff 
H 114.54524 left
H 114.735688 left
H 114.831012 right
D 0.285776 diff 
H 114.937104 left
H 115.12754 right
D 0.190436 diff 
H 115.12794 left
H 115.31838 left
H 115.487664 right
D 0.359732 diff 
H 115.519776 left
H 115.699644 left
H 115.837236 right
D 0.317464 diff 
H 115.890476 left
H 116.091484 left
H 116.28192 left
H 116.324388 right
D 0.433912 diff 
H 116.462192 left
H 116.663196 left
H 116.695104 right
D 0.232916 diff 
H 116.854036 left
H 117.04446 left
H 117.076356 right
D 0.222324 diff 
H 117.256412 left
H 117.446844 right
D 0.190436 diff 
H 117.457812 left
H 117.648276 left
H 117.796436 right
D 0.33862 diff 
H 117.860244 left
H 118.06126 left
H 118.251688 left
H 118.30472 right
D 0.444476 diff 
B 3
H 118.453072 left
H 118.63294 left
H 118.664832 right
D 0.211764 diff 
H 118.823752 left
H 119.014184 left
H 119.067212 right
D 0.243464 diff 
H 119.194432 left
H 119.39542 right
D 0.200988 diff 
H 119.39582 left
H 119.58626 left
H 119.787248 left
H 119.850852 right
D 0.45504 diff 
H 119.96752 left
H 120.179084 left
H 120.253244 right
D 0.285724 diff 
H 120.369892 left
H 120.570888 left
H 120.70846 right
D 0.338572 diff 
H 120.772284 left
H 120.973276 left
H 121.131996 right
D 0.359716 diff 
H 121.174668 left
H 121.365124 left
H 121.513268 right
D 0.338604 diff 
H 121.555936 left
H 121.756952 left
H 121.894528 right
D 0.338588 diff 
H 121.94778 left
H 122.138216 left
H 122.307508 right
D 0.359736 diff 
H 122.329044 left
H 122.519476 left
H 122.688776 right
D 0.359724 diff 
H 122.720876 left
H 122.911316 left
H 123.101748 left
H 123.154784 right
D 0.433908 diff 
H 123.282008 left
H 123.483024 left
H 123.54664 right
D 0.264632 diff 
H 123.67386 left
H 123.864296 left
H 123.938476 right
D 0.264616 diff 
H 124.044564 left
H 124.213856 left
H 124.351444 right
D 0.306888 diff 
H 124.404684 left
H 124.605688 left
H 124.806676 left
H 124.828012 right
D 0.423324 diff 
H 125.039784 left
H 125.18794 right
D 0.14816 diff 
H 125.241184 left
H 125.431612 left
H 125.579756 right
D 0.338564 diff 
H 125.632992 left
H 125.833968 left
H 126.0244 right
D 0.391408 diff 
H 126.035372 left
H 126.246944 left
H 126.405664 right
D 0.370292 diff 
H 126.437776 left
H 126.628224 left
H 126.81864 left
H 126.861104 right
D 0.423328 diff 
H 127.009468 left
H 127.210484 left
H 127.348064 right
D 0.338592 diff 
H 127.43302 left
H 127.62344 left
H 127.75046 right
D 0.317444 diff 
H 127.835404 left
H 128.025836 left
H 128.12116 right
D 0.285756 diff 
H 128.21668 left
H 128.417696 left
H 128.470736 right
D 0.254056 diff 
H 128.6191 left
H 128.79896 right
D 0.17986 diff 
H 128.820492 left
H 129.0215 left
H 129.222496 right
D 0.402012 diff 
H 129.222904 left
H 129.41334 left
H 129.64604 left
H 129.667364 right
D 0.444456 diff 
H 129.83686 left
H 130.03784 left
H 130.080312 right
D 0.243452 diff 
H 130.228664 left
H 130.429648 left
H 130.620072 left
H 130.651964 right
D 0.423304 diff 
H 130.810904 left
H 131.00134 left
H 131.075512 right
D 0.264608 diff 
H 131.192172 left
H 131.39316 left
H 131.520172 right
D 0.328004 diff 
H 131.583992 left
H 131.774436 left
H 131.890884 right
D 0.306888 diff 
H 131.96528 left
H 132.155708 left
H 132.325004 right
D 0.359724 diff 
H 132.335976 left
H 132.526412 left
H 132.706264 left
H 132.833288 right
D 0.497316 diff 
H 132.907668 left
H 133.098116 left
H 133.267412 right
D 0.359752 diff 
H 133.288956 left
H 133.479408 left
H 133.669844 left
H 133.712312 right
D 0.423348 diff 
H 133.871248 left
H 134.061704 left
H 134.114728 right
D 0.24348 diff 
H 134.252528 left
H 134.453524 left
H 134.612244 right
D 0.359708 diff 
H 134.644344 left
H 134.834784 left
H 134.993512 right
D 0.349168 diff 
H 135.025616 left
H 135.20548 left
H 135.395916 left
H 135.43838 right
D 0.41276 diff 
H 135.586736 left
H 135.787748 left
H 135.840792 right
D 0.254048 diff 
H 135.978592 left
H 136.169024 left
H 136.296032 right
D 0.31744 diff 
H 136.370404 left
H 136.560852 left
H 136.719568 right
D 0.349168 diff 
H 136.762236 left
H 136.95268 left
H 137.100836 right
D 0.338596 diff 
H 137.164652 left
H 137.365648 left
H 137.524352 right
D 0.359696 diff 
H 137.556452 left
H 137.746868 left
H 137.93728 right
D 0.380824 diff 
H 137.948248 left
H 138.138688 left
H 138.350252 right
D 0.402004 diff 
H 138.35066 left
B 1
H 138.562236 left
H 138.763224 left
H 138.837396 right
D 0.486732 diff 
H 138.964628 left
H 139.155072 left
H 139.33494 right
D 0.370312 diff 
H 139.345904 left
H 139.55748 left
H 139.663348 right
D 0.317444 diff 
H 139.758872 left
H 139.95988 left
H 139.981204 right
D 0.222328 diff 
H 140.171844 left
H 140.235452 right
D 0.063612 diff 
H 140.362672 left
H 140.468568 right
D 0.105892 diff 
H 140.553528 left
H 140.743964 right
D 0.190436 diff 
H 140.74436 left
H 140.913652 left
H 141.093524 left
H 141.104288 right
D 0.359928 diff 
H 141.28436 left
H 141.4748 left
H 141.538404 right
D 0.254044 diff 
H 141.707888 left
H 141.908888 left
H 141.940792 right
D 0.232904 diff 
H 142.099724 left
H 142.290156 left
H 142.374908 right
D 0.275188 diff 
H 142.470432 left
H 142.660868 left
H 142.756184 right
D 0.285752 diff 
H 142.8517 left
H 143.04214 left
H 143.084608 right
D 0.232912 diff 
H 143.211844 left
H 143.402264 left
H 143.423592 right
D 0.211748 diff 
H 143.57196 left
H 143.762392 left
H 143.80486 right
D 0.232896 diff 
H 143.963792 left
H 144.143672 right
D 0.17988 diff 
H 144.144072 left
H 144.334524 left
H 144.42982 right
D 0.285748 diff 
H 144.525344 left
H 144.726336 left
H 144.74766 right
D 0.222316 diff 
H 144.906604 left
H 145.086472 left
H 145.150072 right
D 0.243468 diff 
H 145.256152 left
H 145.436004 left
H 145.520732 right
D 0.264584 diff 
H 145.605684 left
H 145.785536 left
H 145.870268 right
D 0.264588 diff 
H 145.965784 left
H 146.177356 left
H 146.272668 right
D 0.306888 diff 
H 146.389324 left
H 146.579752 left
H 146.590508 right
D 0.201184 diff 
H 146.749432 left
H 146.929296 left
H 146.940052 right
D 0.190616 diff 
H 147.109548 left
H 147.278828 right
D 0.169288 diff 
H 147.321516 left
H 147.511944 left
H 147.649524 right
D 0.328016 diff 
H 147.713352 left
H 147.903788 left
H 147.977952 right
D 0.2646 diff 
H 148.094612 left
H 148.274472 left
H 148.348636 right
D 0.254028 diff 
H 148.475864 left
H 148.676876 left
H 148.687632 right
D 0.211764 diff 
H 148.857148 left
H 149.037 right
D 0.17986 diff 
H 149.047976 left
H 149.238408 left
H 149.365428 right
D 0.317456 diff 
H 149.418684 left
H 149.609108 left
H 149.75726 right
D 0.33858 diff 
H 149.789376 left
H 149.969236 left
H 150.032828 right
D 0.243456 diff 
H 150.16006 left
H 150.33992 left
H 150.414088 right
D 0.254024 diff 
H 150.530736 left
H 150.731724 left
H 150.753056 right
D 0.22232 diff 
H 150.922568 left
H 151.070716 right
D 0.148156 diff 
H 151.113404 left
H 151.303848 left
H 151.409724 right
D 0.296316 diff 
H 151.4841 left
H 151.663972 left
H 151.706432 right
D 0.222328 diff 
H 151.854792 left
H 151.99238 right
D 0.137588 diff 
H 152.045624 left
H 152.236044 left
H 152.289072 right
D 0.243448 diff 
H 152.447992 left
H 152.575016 right
D 0.12702 diff 
H 152.649404 left
H 152.86096 left
H 152.924564 right
D 0.27516 diff 
H 153.072932 left
H 153.22108 right
D 0.148156 diff 
H 153.26376 left
H 153.464756 left
H 153.56006 right
D 0.296312 diff 
H 153.676724 left
H 153.856612 left
H 153.888508 right
D 0.21178 diff 
H 154.058008 left
H 154.227296 right
D 0.169288 diff 
H 154.26996 left
H 154.449832 left
H 154.545148 right
D 0.275192 diff 
H 154.630104 left
H 154.809984 left
H 154.84188 right
D 0.211768 diff 
H 155.0008 left
H 155.127828 right
D 0.127024 diff 
H 155.191648 left
H 155.403236 left
H 155.435132 right
D 0.24348 diff 
H 155.59406 left
H 155.721072 right
D 0.127016 diff 
H 155.784884 left
H 155.985876 left
H 156.049476 right
D 0.264596 diff 
H 156.19784 left
H 156.367136 right
D 0.169292 diff 
H 156.409808 left
H 156.631956 left
H 156.706136 right
D 0.296324 diff 
H 156.833368 left
H 157.00266 right
D 0.169296 diff 
H 157.013632 left
H 157.204072 left
H 157.309948 right
D 0.29632 diff 
H 157.363208 left
H 157.585332 left
H 157.638368 right
D 0.27516 diff 
H 157.765592 left
H 157.924312 right
D 0.15872 diff 
H 157.966988 left
H 158.146856 left
H 158.2316 right
D 0.264612 diff 
H 158.348256 left
B 2
H 158.528144 right
D 0.179888 diff 
H 158.560264 left
H 158.74014 left
H 158.87772 right
D 0.317456 diff 
H 158.941536 left
H 159.110816 right
D 0.169284 diff 
H 159.111224 left
H 159.301668 left
H 159.428672 right
D 0.317444 diff 
H 159.503052 left
H 159.693492 right
D 0.19044 diff 
H 159.715032 left
H 159.894892 left
H 159.979628 right
D 0.2646 diff 
H 160.085716 left
H 160.26558 left
H 160.286908 right
D 0.201192 diff 
H 160.466976 left
H 160.657424 left
H 160.668176 right
D 0.201204 diff 
H 160.848244 left
H 160.964688 right
D 0.116448 diff 
H 161.060212 left
H 161.240092 left
H 161.40938 right
D 0.349168 diff 
H 161.441484 left
H 161.64248 right
D 0.201 diff 
H 161.653456 left
H 161.843904 left
H 161.928636 right
D 0.275184 diff 
H 162.0453 left
H 162.235744 right
D 0.19044 diff 
H 162.23614 left
H 162.437148 left
H 162.585292 right
D 0.349152 diff 
H 162.638536 left
H 162.839548 left
H 162.882016 right
D 0.24348 diff 
H 163.040944 left
H 163.093976 right
D 0.053032 diff 
H 163.263472 left
H 163.390496 right
D 0.12702 diff 
H 163.475452 left
H 163.676452 right
D 0.200996 diff 
H 163.708556 left
H 163.930684 right
D 0.222128 diff 
H 163.931084 left
H 164.121556 left
H 164.164024 right
D 0.232928 diff 
H 164.312396 left
H 164.386564 right
D 0.074172 diff 
H 164.503228 left
H 164.651372 right
D 0.148148 diff 
H 164.704628 left
H 164.852784 right
D 0.148152 diff 
H 164.884884 left
H 165.075328 left
H 165.202328 right
D 0.31744 diff 
H 165.255572 left
H 165.446004 left
H 165.467328 right
D 0.21176 diff 
H 165.636816 left
H 165.721548 right
D 0.084732 diff 
H 165.817064 left
H 165.975776 right
D 0.158708 diff 
H 166.00788 left
H 166.187736 right
D 0.179856 diff 
H 166.18814 left
H 166.367996 left
H 166.442156 right
D 0.254012 diff 
H 166.53766 left
H 166.685804 right
D 0.148144 diff 
H 166.739044 left
H 166.88718 right
D 0.14814 diff 
H 166.919284 left
H 167.109704 left
H 167.1416 right
D 0.222312 diff 
H 167.289956 left
H 167.395828 right
D 0.105876 diff 
H 167.470204 left
H 167.671184 right
D 0.200976 diff 
H 167.67158 left
H 167.851428 left
H 167.946728 right
D 0.275148 diff 
H 168.031664 left
H 168.200936 right
D 0.169268 diff 
H 168.222476 left
H 168.42348 left
H 168.465944 right
D 0.243468 diff 
H 168.614292 left
H 168.720176 right
D 0.105884 diff 
H 168.805128 left
H 168.995548 left
H 169.006304 right
D 0.20118 diff 
H 169.175792 left
H 169.281664 right
D 0.105872 diff 
H 169.3666 left
H 169.567588 left
H 169.578344 right
D 0.211748 diff 
H 169.747844 left
H 169.832584 right
D 0.084736 diff 
H 169.938652 left
H 170.118516 right
D 0.179864 diff 
H 170.129484 left
H 170.341036 left
H 170.404632 right
D 0.275148 diff 
H 170.521284 left
H 170.701132 right
D 0.179852 diff 
H 170.701532 left
H 170.881412 left
H 171.018976 right
D 0.317444 diff 
H 171.082792 left
H 171.262668 left
H 171.283992 right
D 0.201204 diff 
H 171.453492 left
H 171.56994 right
D 0.116448 diff 
H 171.64432 left
H 171.834744 left
H 171.866636 right
D 0.222316 diff 
H 172.004424 left
H 172.163136 right
D 0.158712 diff 
H 172.195236 left
H 172.375104 left
H 172.4387 right
D 0.243468 diff 
H 172.576468 left
H 172.735172 right
D 0.158704 diff 
H 172.777856 left
H 172.957716 left
H 173.031888 right
D 0.254032 diff 
H 173.137968 left
H 173.317836 left
H 173.328592 right
D 0.190624 diff 
H 173.498084 left
H 173.614528 right
D 0.116444 diff 
H 173.678332 left
H 173.879336 left
H 173.932368 right
D 0.254044 diff 
H 174.07016 left
H 174.207736 right
D 0.137576 diff 
H 174.271552 left
H 174.461984 left
H 174.504444 right
D 0.232896 diff 
H 174.663372 left
H 174.800956 right
D 0.13758 diff 
H 174.864764 left
H 175.055188 left
H 175.11878 right
D 0.254016 diff 
H 175.246012 left
H 175.40474 right
D 0.158732 diff 
H 175.457992 left
H 175.637868 left
H 175.712028 right
D 0.25404 diff 
H 175.839256 left
H 176.029692 right
D 0.190444 diff 
H 176.0301 left
H 176.209976 left
H 176.347556 right
D 0.317452 diff 
H 176.411364 left
H 176.591224 left
H 176.654824 right
D 0.243464 diff 
H 176.78204 left
H 176.972476 left
H 176.983232 right
D 0.201196 diff 
H 177.163296 left
H 177.311436 right
D 0.14814 diff 
H 177.354116 left
H 177.56568 left
H 177.57644 right
D 0.222328 diff 
H 177.756512 left
H 177.946952 right
D 0.190444 diff 
H 177.957924 left
H 178.180064 left
H 178.254228 right
D 0.296304 diff 
H 178.392012 left
B 3
H 178.561316 right
D 0.169296 diff 
H 178.614556 left
H 178.804984 left
H 178.858016 right
D 0.24346 diff 
H 178.995808 left
H 179.143968 right
D 0.148156 diff 
H 179.197208 left
H 179.398216 right
D 0.201008 diff 
H 179.419748 left
H 179.631324 left
H 179.694936 right
D 0.275192 diff 
H 179.83274 left
H 179.906924 right
D 0.07418 diff 
H 180.023584 left
H 180.203436 right
D 0.179856 diff 
H 180.235544 left
H 180.42598 left
H 180.595268 right
D 0.359724 diff 
H 180.627372 left
H 180.817824 left
H 180.892012 right
D 0.264636 diff 
H 180.98754 left
H 181.188536 left
H 181.209868 right
D 0.222332 diff 
H 181.389932 left
H 181.527532 right
D 0.137608 diff 
H 181.57022 left
H 181.760668 left
H 181.803128 right
D 0.232904 diff 
H 181.940928 left
H 182.08908 right
D 0.148152 diff 
H 182.142332 left
H 182.343316 left
H 182.354072 right
D 0.211744 diff 
H 182.534132 left
H 182.629444 right
D 0.095304 diff 
H 182.735528 left
H 182.883684 right
D 0.148152 diff 
H 182.926364 left
H 183.12736 left
H 183.159252 right
D 0.232888 diff 
H 183.297044 left
H 183.424064 right
D 0.12702 diff 
H 183.48788 left
H 183.678304 left
H 183.699628 right
D 0.211752 diff 
H 183.869124 left
H 183.953852 right
D 0.084732 diff 
H 184.059936 left
H 184.239796 right
D 0.179864 diff 
H 184.240204 left
H 184.409508 left
H 184.504812 right
D 0.264604 diff 
H 184.600316 left
H 184.7696 right
D 0.169284 diff 
H 184.791132 left
H 184.981568 left
H 185.045164 right
D 0.254032 diff 
H 185.172372 left
H 185.299388 right
D 0.12702 diff 
H 185.363196 left
H 185.55362 left
H 185.585508 right
D 0.22232 diff 
H 185.744448 left
H 185.860888 right
D 0.11644 diff 
H 185.945828 left
H 186.136268 left
H 186.157596 right
D 0.211768 diff 
H 186.327104 left
H 186.401272 right
D 0.074172 diff 
H 186.517908 left
H 186.6872 right
D 0.169292 diff 
H 186.687604 left
H 186.8886 left
H 186.983912 right
D 0.2963 diff 
H 187.07942 left
H 187.248704 right
D 0.16928 diff 
H 187.27024 left
H 187.460672 left
H 187.534836 right
D 0.2646 diff 
H 187.651476 left
H 187.810196 right
D 0.158724 diff 
H 187.842296 left
H 188.032708 left
H 188.075176 right
D 0.23288 diff 
H 188.223536 left
H 188.287152 right
D 0.063616 diff 
H 188.39322 left
H 188.54136 right
D 0.148136 diff 
H 188.573468 left
H 188.742748 right
D 0.169284 diff 
H 188.774848 left
H 188.96528 left
H 189.02888 right
D 0.254032 diff 
H 189.14552 left
H 189.293664 right
D 0.148144 diff 
H 189.346896 left
H 189.547892 left
H 189.579784 right
D 0.232884 diff 
H 189.738724 left
H 189.855172 right
D 0.116452 diff 
H 189.929544 left
H 190.109392 left
H 190.141288 right
D 0.211752 diff 
H 190.300228 left
H 190.406092 right
D 0.105864 diff 
H 190.491036 left
H 190.681456 right
D 0.190424 diff 
H 190.681856 left
H 190.861724 left
H 190.946452 right
D 0.264596 diff 
H 191.031396 left
H 191.221816 left
H 191.24314 right
D 0.211756 diff 
H 191.412644 left
H 191.465684 right
D 0.053044 diff 
H 191.614024 left
H 191.741044 right
D 0.127024 diff 
H 191.783712 left
H 191.984688 right
D 0.200976 diff 
H 191.985088 left
H 192.175516 left
H 192.270824 right
D 0.28574 diff 
H 192.366336 left
H 192.546184 right
D 0.179852 diff 
H 192.578284 left
H 192.758136 left
H 192.821736 right
D 0.243452 diff 
H 192.948956 left
H 193.075972 right
D 0.127012 diff 
H 193.150356 left
H 193.33024 left
H 193.341 right
D 0.190644 diff 
H 193.53162 left
H 193.64806 right
D 0.116444 diff 
H 193.733 left
H 193.92342 right
D 0.190416 diff 
H 193.934396 left
H 194.103692 left
H 194.18842 right
D 0.254028 diff 
H 194.294496 left
H 194.463792 right
D 0.169292 diff 
H 194.47476 left
H 194.6546 left
H 194.771036 right
D 0.29628 diff 
H 194.845408 left
H 195.035844 left
H 195.078304 right
D 0.232896 diff 
H 195.205512 left
H 195.343084 right
D 0.137572 diff 
H 195.396332 left
H 195.576188 left
H 195.60808 right
D 0.211748 diff 
H 195.766992 left
H 195.872864 right
D 0.105872 diff 
H 195.947236 left
H 196.137656 right
D 0.190424 diff 
H 196.148628 left
H 196.339068 left
H 196.392096 right
D 0.243472 diff 
H 196.52988 left
H 196.667456 right
D 0.13758 diff 
H 196.731268 left
H 196.9217 left
H 196.932456 right
D 0.201192 diff 
H 197.112524 left
H 197.207832 right
D 0.095304 diff 
H 197.313916 left
H 197.4515 right
D 0.137584 diff 
H 197.50474 left
H 197.67404 left
H 197.73764 right
D 0.232904 diff 
H 197.854308 left
H 197.991876 right
D 0.137572 diff 
H 198.066248 left
H 198.256676 right
D 0.190428 diff 
H 198.257076 left
B 1
H 198.436936 left
H 198.532236 right
D 0.27516 diff 
H 198.606608 left
H 198.775892 left
H 198.807784 right
D 0.201176 diff 
H 198.945564 left
H 199.061996 right
D 0.116436 diff 
H 199.11524 left
H 199.273944 right
D 0.158708 diff 
H 199.306048 left
H 199.507044 left
H 199.570644 right
D 0.264596 diff 
H 199.708428 left
H 199.846008 right
D 0.137576 diff 
H 199.89924 left
H 200.089664 left
H 200.110992 right
D 0.211756 diff 
H 200.291048 left
H 200.365228 right
D 0.07418 diff 
H 200.481868 left
H 200.63002 right
D 0.148156 diff 
H 200.672696 left
H 200.863112 left
H 200.91614 right
D 0.243448 diff 
H 201.043348 left
H 201.180936 right
D 0.137584 diff 
H 201.223608 left
H 201.414024 left
H 201.467052 right
D 0.243444 diff 
H 201.594268 left
H 201.700156 right
D 0.105892 diff 
H 201.7851 left
H 201.954388 left
H 202.007428 right
D 0.222332 diff 
H 202.166356 left
H 202.293368 right
D 0.127008 diff 
H 202.325476 left
H 202.505316 left
H 202.558348 right
D 0.23288 diff 
H 202.696148 left
H 202.823168 right
D 0.127024 diff 
H 202.886972 left
H 203.066816 left
H 203.098712 right
D 0.211744 diff 
H 203.236488 left
H 203.395188 right
D 0.1587 diff 
H 203.416724 left
H 203.596572 left
H 203.639028 right
D 0.222308 diff 
H 203.787384 left
H 203.95666 right
D 0.169272 diff 
H 203.967624 left
H 204.147476 left
H 204.232216 right
D 0.264596 diff 
H 204.370004 left
H 204.518148 right
D 0.148144 diff 
H 204.55026 left
H 204.730108 left
H 204.762 right
D 0.211748 diff 
H 204.89978 left
H 205.016224 right
D 0.116448 diff 
H 205.101164 left
H 205.281012 left
H 205.344612 right
D 0.243452 diff 
H 205.471844 left
H 205.61998 right
D 0.148136 diff 
H 205.673228 left
H 205.863648 left
H 205.89554 right
D 0.222316 diff 
H 206.043888 left
H 206.202604 right
D 0.158716 diff 
H 206.234708 left
H 206.425144 left
H 206.488744 right
D 0.25404 diff 
H 206.594816 left
H 206.785224 right
D 0.190408 diff 
H 206.785632 left
H 206.976068 left
H 207.081932 right
D 0.296296 diff 
H 207.156308 left
H 207.336164 left
H 207.378632 right
D 0.222324 diff 
H 207.526984 left
H 207.685696 right
D 0.158712 diff 
H 207.717796 left
H 207.897664 left
H 207.950696 right
D 0.232908 diff 
H 208.077928 left
H 208.204936 right
D 0.127008 diff 
H 208.258176 left
H 208.448604 left
H 208.50164 right
D 0.243472 diff 
H 208.62886 left
H 208.777004 right
D 0.14814 diff 
H 208.819676 left
H 209.010088 left
H 209.05256 right
D 0.232892 diff 
H 209.211476 left
H 209.31736 right
D 0.105888 diff 
H 209.4023 left
H 209.582156 right
D 0.179856 diff 
H 209.593128 left
H 209.78354 left
H 209.826008 right
D 0.232884 diff 
H 209.974364 left
H 210.080252 right
D 0.105892 diff 
H 210.165188 left
H 210.355604 right
D 0.190416 diff 
H 210.366572 left
H 210.557 left
H 210.641736 right
D 0.275164 diff 
H 210.758384 left
H 210.938232 right
D 0.179848 diff 
H 210.938632 left
H 211.139636 left
H 211.24552 right
D 0.306884 diff 
H 211.341032 left
H 211.51032 right
D 0.169288 diff 
H 211.54242 left
H 211.722272 left
H 211.785872 right
D 0.243452 diff 
H 211.902516 left
H 212.050668 right
D 0.148152 diff 
H 212.08278 left
H 212.262628 left
H 212.379076 right
D 0.2963 diff 
H 212.474588 left
H 212.654452 right
D 0.17986 diff 
H 212.675988 left
H 212.86642 left
H 212.930012 right
D 0.254028 diff 
H 213.067812 left
H 213.184268 right
D 0.116452 diff 
H 213.269208 left
H 213.470188 right
D 0.200988 diff 
H 213.470596 left
H 213.650464 left
H 213.7352 right
D 0.2646 diff 
H 213.862428 left
H 214.000004 right
D 0.137576 diff 
H 214.042676 left
H 214.254256 left
H 214.265012 right
D 0.22234 diff 
H 214.434504 left
H 214.55094 right
D 0.11644 diff 
H 214.625328 left
H 214.815756 right
D 0.190428 diff 
H 214.816152 left
H 215.006608 left
H 215.080768 right
D 0.264608 diff 
H 215.197412 left
H 215.366712 right
D 0.1693 diff 
H 215.37768 left
H 215.589244 left
H 215.621136 right
D 0.243452 diff 
H 215.790624 left
H 215.875352 right
D 0.084732 diff 
H 215.970868 left
H 216.1613 left
H 216.182628 right
D 0.211768 diff 
H 216.352124 left
H 216.436856 right
D 0.084732 diff 
H 216.553504 left
H 216.701644 right
D 0.14814 diff 
H 216.73376 left
H 216.924192 left
H 216.987792 right
D 0.254036 diff 
H 217.104444 left
H 217.273728 right
D 0.169284 diff 
H 217.284692 left
H 217.464552 left
H 217.53872 right
D 0.254032 diff 
H 217.644796 left
H 217.814088 left
H 217.84598 right
D 0.201184 diff 
H 218.004892 left
H 218.11078 right
D 0.105892 diff 
H 218.195724 left
H 218.365012 left
B 2
H 218.407472 right
D 0.211748 diff 
H 218.555816 left
H 218.672256 right
D 0.11644 diff 
H 218.757192 left
H 218.926472 right
D 0.16928 diff 
H 218.948004 left
H 219.127868 left
H 219.180896 right
D 0.232896 diff 
H 219.318684 left
H 219.487972 right
D 0.169292 diff 
H 219.530652 left
H 219.699928 left
H 219.721252 right
D 0.190604 diff 
H 219.890752 left
H 220.028324 right
D 0.137576 diff 
H 220.08156 left
H 220.261428 left
H 220.303896 right
D 0.222336 diff 
H 220.441684 left
H 220.57926 right
D 0.13758 diff 
H 220.643068 left
H 220.822916 left
H 220.907648 right
D 0.264576 diff 
H 221.003156 left
H 221.172428 right
D 0.169272 diff 
H 221.183396 left
H 221.373824 left
H 221.426852 right
D 0.243456 diff 
H 221.543496 left
H 221.6705 right
D 0.127004 diff 
H 221.734304 left
H 221.92474 left
H 221.946064 right
D 0.21176 diff 
H 222.10498 left
H 222.242564 right
D 0.137584 diff 
H 222.285236 left
H 222.486236 left
H 222.496992 right
D 0.211756 diff 
H 222.687628 left
H 222.761792 right
D 0.074164 diff 
H 222.878444 left
H 223.037148 right
D 0.158708 diff 
H 223.058688 left
H 223.227972 left
H 223.33384 right
D 0.275156 diff 
H 223.429348 left
H 223.59864 right
D 0.169296 diff 
H 223.59904 left
H 223.778896 left
H 223.884764 right
D 0.285728 diff 
H 223.95914 left
H 224.138988 right
D 0.179852 diff 
H 224.139392 left
H 224.319244 left
H 224.414552 right
D 0.275156 diff 
H 224.510064 left
H 224.679344 right
D 0.169276 diff 
H 224.690312 left
H 224.87016 left
H 224.9866 right
D 0.296292 diff 
H 225.071544 left
H 225.251404 right
D 0.17986 diff 
H 225.262372 left
H 225.452788 left
H 225.516388 right
D 0.254024 diff 
H 225.654172 left
H 225.802316 right
D 0.148148 diff 
H 225.897844 left
H 226.077704 left
H 226.088464 right
D 0.190624 diff 
H 226.268532 left
H 226.353268 right
D 0.084736 diff 
H 226.459348 left
H 226.628636 right
D 0.169288 diff 
H 226.650176 left
H 226.85118 left
H 226.904208 right
D 0.254028 diff 
H 227.08428 left
H 227.169028 right
D 0.084744 diff 
H 227.264548 left
H 227.423268 right
D 0.15872 diff 
H 227.423668 left
H 227.709196 right
D 0.285532 diff 
H 227.730732 left
H 227.963436 right
D 0.2327 diff 
H 227.974404 left
H 228.164844 left
H 228.228452 right
D 0.254048 diff 
H 228.366256 left
H 228.524992 right
D 0.158736 diff 
H 228.557096 left
H 228.736964 left
H 228.790004 right
D 0.232908 diff 
H 228.948932 left
H 229.033688 right
D 0.084752 diff 
H 229.13978 left
H 229.309068 right
D 0.169292 diff 
H 229.330612 left
H 229.51048 left
H 229.595212 right
D 0.264604 diff 
H 229.722428 left
H 229.8283 right
D 0.105872 diff 
H 229.902692 left
H 230.103684 right
D 0.200992 diff 
H 230.104088 left
H 230.305088 left
H 230.379248 right
D 0.275156 diff 
H 230.506484 left
H 230.654628 right
D 0.14814 diff 
H 230.697312 left
H 230.887756 left
H 230.909088 right
D 0.21178 diff 
H 231.099724 left
H 231.1739 right
D 0.074176 diff 
H 231.290556 left
H 231.438712 right
D 0.14816 diff 
H 231.491956 left
H 231.69294 right
D 0.200984 diff 
H 231.693344 left
H 231.894352 left
H 231.947384 right
D 0.254028 diff 
H 232.116888 left
H 232.233344 right
D 0.116456 diff 
H 232.328852 left
H 232.49814 right
D 0.169296 diff 
H 232.509108 left
H 232.731236 right
D 0.222124 diff 
H 232.731632 left
H 232.932672 left
H 232.985696 right
D 0.254052 diff 
H 233.144632 left
H 233.282228 right
D 0.1376 diff 
H 233.324904 left
H 233.494184 right
D 0.169276 diff 
H 233.51572 left
H 233.706152 left
H 233.769748 right
D 0.254032 diff 
H 233.87584 left
H 234.045124 right
D 0.169284 diff 
H 234.06666 left
H 234.267668 left
H 234.29956 right
D 0.2329 diff 
H 234.447916 left
H 234.564356 right
D 0.116444 diff 
H 234.6176 left
H 234.808016 right
D 0.190416 diff 
H 234.818992 left
H 234.998856 left
H 235.030752 right
D 0.21176 diff 
H 235.200232 left
H 235.295544 right
D 0.095308 diff 
H 235.391056 left
H 235.549772 right
D 0.15872 diff 
H 235.603016 left
H 235.782864 right
D 0.179852 diff 
H 235.79384 left
H 235.98426 left
H 236.016156 right
D 0.22232 diff 
H 236.270208 left
H 236.312668 right
D 0.042464 diff 
H 236.439888 left
H 236.577464 right
D 0.13758 diff 
H 236.630716 left
H 236.831708 right
D 0.200996 diff 
H 236.86382 left
H 237.075404 left
H 237.107304 right
D 0.243484 diff 
H 237.266232 left
H 237.36154 right
D 0.095308 diff 
H 237.467612 left
H 237.63692 right
D 0.169304 diff 
H 237.658464 left
H 237.901736 right
D 0.24328 diff 
H 237.902144 left
H 238.103156 left
H 238.19846 right
D 0.296312 diff 
H 238.325688 left
B 3
H 238.46328 right
D 0.137588 diff 
H 238.516516 left
H 238.696376 left
H 238.738852 right
D 0.22234 diff 
H 238.887228 left
H 239.014244 right
D 0.127016 diff 
H 239.0992 left
H 239.268492 right
D 0.169296 diff 
H 239.311168 left
H 239.501608 left
H 239.522936 right
D 0.211768 diff 
H 239.713576 left
H 239.734912 right
D 0.02134 diff 
H 239.92554 left
H 240.031416 right
D 0.105876 diff 
H 240.137504 left
H 240.306788 right
D 0.169284 diff 
H 240.32832 left
H 240.539896 left
H 240.56122 right
D 0.232904 diff 
H 240.73072 left
H 240.836604 right
D 0.105888 diff 
H 240.92156 left
H 241.12258 left
H 241.13334 right
D 0.211776 diff 
H 241.323992 left
H 241.398172 right
D 0.074172 diff 
H 241.51482 left
H 241.652416 right
D 0.1376 diff 
H 241.716244 left
H 241.885536 left
H 241.906864 right
D 0.190624 diff 
H 242.076364 left
H 242.192808 right
D 0.116444 diff 
H 242.267192 left
H 242.457628 left
H 242.468388 right
D 0.201196 diff 
H 242.65902 left
H 242.786028 right
D 0.127008 diff 
H 242.849848 left
H 243.040272 right
D 0.190428 diff 
H 243.061816 left
H 243.252252 left
H 243.336984 right
D 0.275172 diff 
H 243.432512 left
H 243.61238 left
H 243.644276 right
D 0.211772 diff 
H 243.8032 left
H 243.930208 right
D 0.127008 diff 
H 244.02572 left
H 244.184428 right
D 0.158712 diff 
H 244.205968 left
H 244.385824 left
H 244.48112 right
D 0.275156 diff 
H 244.555496 left
H 244.745932 left
H 244.767256 right
D 0.21176 diff 
H 244.92618 left
H 245.074328 right
D 0.148148 diff 
H 245.117 left
H 245.307428 left
H 245.328756 right
D 0.211764 diff 
H 245.498252 left
H 245.604128 right
D 0.10588 diff 
H 245.678508 left
H 245.85836 left
H 245.869124 right
D 0.19062 diff 
H 246.04918 left
H 246.123356 right
D 0.074184 diff 
H 246.229444 left
H 246.409288 right
D 0.179844 diff 
H 246.420256 left
H 246.621248 left
H 246.663708 right
D 0.243456 diff 
H 246.822628 left
H 246.928516 right
D 0.105892 diff 
H 247.002892 left
H 247.18274 right
D 0.179848 diff 
H 247.193704 left
H 247.394696 left
H 247.489996 right
D 0.296292 diff 
H 247.585508 left
H 247.765376 right
D 0.179868 diff 
H 247.786912 left
H 247.966768 left
H 247.998668 right
D 0.21176 diff 
H 248.168164 left
H 248.252904 right
D 0.084744 diff 
H 248.348412 left
H 248.485984 right
D 0.137568 diff 
H 248.549784 left
H 248.740208 right
D 0.190428 diff 
H 248.751176 left
H 248.962748 left
H 249.068616 right
D 0.317436 diff 
H 249.143 left
H 249.270004 right
D 0.127008 diff 
H 249.344396 left
H 249.53482 left
H 249.545576 right
D 0.201188 diff 
H 249.725644 left
H 249.799808 right
D 0.074164 diff 
H 249.92702 left
H 250.02232 right
D 0.0953 diff 
H 250.117844 left
H 250.308268 left
H 250.319024 right
D 0.20118 diff 
H 250.488516 left
H 250.573248 right
D 0.084736 diff 
H 250.668752 left
H 250.827468 right
D 0.158716 diff 
H 250.85958 left
H 251.050016 left
H 251.103048 right
D 0.243468 diff 
H 251.240848 left
H 251.357288 right
D 0.116444 diff 
H 251.431668 left
H 251.611524 right
D 0.17986 diff 
H 251.643624 left
H 251.844628 left
H 251.855384 right
D 0.21176 diff 
H 252.035448 left
H 252.162456 right
D 0.127008 diff 
H 252.226264 left
H 252.406124 right
D 0.179864 diff 
H 252.417096 left
H 252.596944 left
H 252.68168 right
D 0.264584 diff 
H 252.78776 left
H 252.925336 right
D 0.137572 diff 
H 252.989144 left
H 253.190152 left
H 253.21148 right
D 0.222344 diff 
H 253.380972 left
H 253.465704 right
D 0.084736 diff 
H 253.57178 left
H 253.751632 left
H 253.762388 right
D 0.190616 diff 
H 253.953032 left
H 254.048348 right
D 0.095316 diff 
H 254.15444 left
H 254.323732 right
D 0.169292 diff 
H 254.355844 left
H 254.525124 right
D 0.16928 diff 
H 254.557236 left
H 254.747676 left
H 254.864108 right
D 0.306872 diff 
H 254.927924 left
H 255.086652 right
D 0.158724 diff 
H 255.118756 left
H 255.298616 left
H 255.341084 right
D 0.222332 diff 
H 255.500016 left
H 255.648164 right
D 0.148148 diff 
H 255.680272 left
H 255.9024 right
D 0.222128 diff 
H 255.902804 left
H 256.103812 left
H 256.146272 right
D 0.243464 diff 
H 256.29464 left
H 256.411092 right
D 0.116448 diff 
H 256.506604 left
H 256.686468 right
D 0.179864 diff 
H 256.718568 left
H 256.940708 right
D 0.222136 diff 
H 256.962244 left
H 257.15268 left
H 257.226844 right
D 0.264604 diff 
H 257.364652 left
H 257.481096 right
D 0.116444 diff 
H 257.555488 left
H 257.756476 right
D 0.200988 diff 
H 257.778016 left
H 257.968452 left
H 258.042616 right
D 0.2646 diff 
H 258.180412 left
H 258.29686 right
D 0.116452 diff 
H 258.39238 left
B 1
H 258.582812 right
D 0.190432 diff 
H 258.604348 left
H 258.794764 right
D 0.19042 diff 
H 258.805736 left
H 258.985604 left
H 259.049196 right
D 0.243456 diff 
H 259.176416 left
H 259.314012 right
D 0.137588 diff 
H 259.377832 left
H 259.5894 right
D 0.211568 diff 
H 259.600364 left
H 259.790804 left
H 259.8227 right
D 0.222332 diff 
H 259.97108 left
H 260.045252 right
D 0.074168 diff 
H 260.172476 left
H 260.288912 right
D 0.116436 diff 
H 260.373868 left
H 260.53258 right
D 0.158712 diff 
H 260.585832 left
H 260.765684 left
H 260.871564 right
D 0.285728 diff 
H 260.945944 left
H 261.125808 left
H 261.136564 right
D 0.190624 diff 
H 261.316636 left
H 261.411932 right
D 0.0953 diff 
H 261.507448 left
H 261.655608 right
D 0.148164 diff 
H 261.677144 left
H 261.856992 left
H 261.931168 right
D 0.254028 diff 
H 262.058384 left
H 262.19596 right
D 0.137572 diff 
H 262.238636 left
H 262.429056 right
D 0.19042 diff 
H 262.440024 left
H 262.641028 left
H 262.662352 right
D 0.222332 diff 
H 262.831836 left
H 262.916584 right
D 0.084748 diff 
H 263.022664 left
H 263.149672 right
D 0.127012 diff 
H 263.202916 left
H 263.382756 right
D 0.17984 diff 
H 263.38316 left
H 263.56302 left
H 263.605476 right
D 0.222312 diff 
H 263.743252 left
H 263.880832 right
D 0.137584 diff 
H 263.923504 left
H 264.103348 left
H 264.124672 right
D 0.201172 diff 
H 264.283588 left
H 264.400032 right
D 0.116444 diff 
H 264.463836 left
H 264.622552 right
D 0.15872 diff 
H 264.63352 left
H 264.813372 left
H 264.887532 right
D 0.254012 diff 
H 264.9936 left
H 265.13118 right
D 0.13758 diff 
H 265.184424 left
H 265.364296 left
H 265.385632 right
D 0.201208 diff 
H 265.56568 left
H 265.639852 right
D 0.07418 diff 
H 265.73538 left
H 265.8624 right
D 0.12702 diff 
H 265.926216 left
H 266.074376 right
D 0.14816 diff 
H 266.106472 left
H 266.286348 right
D 0.179876 diff 
H 266.297312 left
H 266.487768 left
H 266.519672 right
D 0.222356 diff 
H 266.678604 left
H 266.795044 right
D 0.116444 diff 
H 266.869436 left
H 267.00702 right
D 0.13758 diff 
H 267.081396 left
H 267.27182 right
D 0.190424 diff 
H 267.282796 left
H 267.483796 left
H 267.515696 right
D 0.232904 diff 
H 267.67464 left
H 267.73824 right
D 0.063604 diff 
H 267.8866 left
H 267.981908 right
D 0.095308 diff 
H 268.066852 left
H 268.215004 right
D 0.148152 diff 
H 268.25768 left
H 0.012648 left
H 0.044544 right
D 0.222324 diff 
H 0.203468 left
H 0.267068 right
D 0.063604 diff 
H 0.394288 left
H 0.521308 right
D 0.12702 diff 
H 0.595688 left
H 0.786108 right
D 0.190424 diff 
H 0.797088 left
H 0.987512 left
H 0.998272 right
D 0.201188 diff 
H 1.178336 left
H 1.231384 right
D 0.053048 diff 
H 1.379744 left
H 1.464488 right
D 0.084744 diff 
H 1.559996 left
H 1.718716 right
D 0.158724 diff 
H 1.750816 left
H 1.93066 right
D 0.179844 diff 
H 1.931064 left
H 2.121484 left
H 2.163948 right
D 0.232876 diff 
H 2.301728 left
H 2.365332 right
D 0.063612 diff 
H 2.481988 left
H 2.63014 right
D 0.148148 diff 
H 2.662236 left
H 2.842108 left
H 2.89514 right
D 0.232896 diff 
H 3.02236 left
H 3.138808 right
D 0.116448 diff 
H 3.213176 left
H 3.361352 right
D 0.148168 diff 
H 3.414596 left
H 3.60504 left
H 3.647516 right
D 0.232924 diff 
H 3.806456 left
H 3.901768 right
D 0.095316 diff 
H 3.98672 left
H 4.156024 right
D 0.1693 diff 
H 4.17756 left
H 4.368004 left
H 4.378764 right
D 0.201208 diff 
H 4.537696 left
H 4.643568 right
D 0.105872 diff 
H 4.717956 left
H 4.88724 right
D 0.16928 diff 
H 4.919356 left
H 5.099216 left
H 5.131108 right
D 0.21176 diff 
H 5.290044 left
H 5.364216 right
D 0.074176 diff 
H 5.480864 left
H 5.62902 right
D 0.14816 diff 
H 5.661128 left
H 5.85154 right
D 0.190412 diff 
H 5.862512 left
H 6.042364 left
H 6.105964 right
D 0.24346 diff 
H 6.23318 left
H 6.360192 right
D 0.127016 diff 
H 6.413436 left
H 6.572148 right
D 0.158708 diff 
H 6.604244 left
H 6.80522 left
H 6.815984 right
D 0.21174 diff 
H 7.0066 left
H 7.05964 right
D 0.05304 diff 
H 7.197432 left
H 7.303304 right
D 0.105876 diff 
H 7.388248 left
H 7.557528 right
D 0.169284 diff 
H 7.6002 left
H 7.769488 left
H 7.780248 right
D 0.180056 diff 
H 7.93918 left
H 8.034492 right
D 0.095308 diff 
H 8.129988 left
H 8.288704 right
D 0.158716 diff 
H 8.31024 left
H 8.511228 left
H 8.543124 right
D 0.232888 diff 
H 8.723188 left
H 8.797356 right
D 0.074172 diff 
H 8.914004 left
H 9.051584 right
D 0.137584 diff 
H 9.094256 left
H 9.284684 right
D 0.190432 diff 
H 9.285088 left
H 9.47552 left
H 9.570832 right
D 0.285736 diff 
H 9.6769 left
H 9.76164 right
D 0.084744 diff 
H 9.888868 left
B 2
H 9.99474 right
D 0.105872 diff 
H 10.10082 left
H 10.206704 right
D 0.105884 diff 
H 10.30222 left
H 10.450372 right
D 0.148156 diff 
H 10.482472 left
H 10.66232 right
D 0.179844 diff 
H 10.66272 left
H 10.84258 left
H 10.885048 right
D 0.222324 diff 
H 11.054532 left
H 11.118148 right
D 0.063612 diff 
H 11.245364 left
H 11.330108 right
D 0.084744 diff 
H 11.4362 left
H 11.58434 right
D 0.148148 diff 
H 11.605888 left
H 11.817452 left
H 11.828216 right
D 0.222328 diff 
H 12.008292 left
H 12.061328 right
D 0.053032 diff 
H 12.209684 left
H 12.283864 right
D 0.074188 diff 
H 12.421664 left
H 12.5487 right
D 0.12704 diff 
H 12.633644 left
H 12.7818 right
D 0.14816 diff 
H 12.83504 left
H 12.993772 right
D 0.158736 diff 
H 13.025872 left
H 13.20574 left
H 13.25878 right
D 0.232908 diff 
H 13.407152 left
H 13.470764 right
D 0.063608 diff 
H 13.597984 left
H 13.703872 right
D 0.105888 diff 
H 13.809976 left
H 13.9687 right
D 0.158724 diff 
H 14.021948 left
H 14.18068 right
D 0.158732 diff 
H 14.255056 left
H 14.43492 right
D 0.179856 diff 
H 14.456452 left
H 14.6469 left
H 14.678792 right
D 0.222344 diff 
H 14.827156 left
H 14.933036 right
D 0.10588 diff 
H 15.007412 left
H 15.155572 right
D 0.148164 diff 
H 15.18768 left
H 15.378108 right
D 0.190432 diff 
H 15.378528 left
H 15.558384 left
H 15.632556 right
D 0.254028 diff 
H 15.749204 left
H 15.876224 right
D 0.12702 diff 
H 15.961164 left
H 16.119884 right
D 0.15872 diff 
H 16.162556 left
H 16.37412 right
D 0.21156 diff 
H 16.385088 left
H 16.57552 left
H 16.596852 right
D 0.211768 diff 
H 16.766352 left
H 16.87224 right
D 0.105888 diff 
H 16.957192 left
H 17.147616 right
D 0.190428 diff 
H 17.148032 left
H 17.317332 left
H 17.412636 right
D 0.264604 diff 
H 17.508152 left
H 17.688 right
D 0.179852 diff 
H 17.688404 left
H 17.889408 left
H 17.942444 right
D 0.254032 diff 
H 18.10138 left
H 18.196692 right
D 0.095312 diff 
H 18.30278 left
H 18.440364 right
D 0.137584 diff 
H 18.493608 left
H 18.705164 right
D 0.211556 diff 
H 18.70558 left
H 18.90658 left
H 18.970192 right
D 0.264616 diff 
H 19.107972 left
H 19.234992 right
D 0.127024 diff 
H 19.309368 left
H 19.47866 right
D 0.169292 diff 
H 19.500192 left
H 19.669484 left
H 19.743656 right
D 0.243472 diff 
H 19.849748 left
H 19.976776 right
D 0.127032 diff 
H 20.040592 left
H 20.231024 left
H 20.241796 right
D 0.2012 diff 
H 20.421864 left
H 20.496052 right
D 0.074192 diff 
H 20.62328 left
H 20.7503 right
D 0.12702 diff 
H 20.814112 left
H 21.004552 right
D 0.19044 diff 
H 21.004952 left
H 21.184828 left
H 21.280136 right
D 0.275176 diff 
H 21.365076 left
H 21.534356 right
D 0.169284 diff 
H 21.545332 left
H 21.725212 left
H 21.788808 right
D 0.243476 diff 
H 21.926588 left
H 22.053604 right
D 0.127012 diff 
H 22.09628 left
H 22.286724 left
H 22.33976 right
D 0.243484 diff 
H 22.477552 left
H 22.615132 right
D 0.13758 diff 
H 22.657804 left
H 22.879936 right
D 0.222136 diff 
H 22.880352 left
H 23.06022 left
H 23.144952 right
D 0.2646 diff 
H 23.24046 left
H 23.40974 right
D 0.169284 diff 
H 23.441848 left
H 23.642832 left
H 23.685304 right
D 0.24346 diff 
H 23.823088 left
H 23.981804 right
D 0.158716 diff 
H 24.035056 left
H 24.257188 right
D 0.222128 diff 
H 24.257604 left
H 24.44804 left
H 24.501084 right
D 0.243488 diff 
H 24.681156 left
H 24.755324 right
D 0.074172 diff 
H 24.882556 left
H 25.009568 right
D 0.127012 diff 
H 25.09452 left
H 25.274388 right
D 0.179872 diff 
H 25.32764 left
H 25.539216 left
H 25.549984 right
D 0.222344 diff 
H 25.719484 left
H 25.814796 right
D 0.095312 diff 
H 25.920884 left
H 26.0796 right
D 0.15872 diff 
H 26.132852 left
H 26.333844 right
D 0.200992 diff 
H 26.355388 left
H 26.545832 left
H 26.609432 right
D 0.254044 diff 
H 26.73666 left
H 26.884812 right
D 0.148152 diff 
H 26.916928 left
H 27.096792 left
H 27.139268 right
D 0.222344 diff 
H 27.298188 left
H 27.393512 right
D 0.095324 diff 
H 27.478456 left
H 27.647728 right
D 0.169272 diff 
H 27.658708 left
H 27.827984 left
H 27.891588 right
D 0.232888 diff 
H 28.008248 left
H 28.1247 right
D 0.116452 diff 
H 28.199068 left
H 28.389496 right
D 0.190428 diff 
H 28.40046 left
H 28.580316 left
H 28.654488 right
D 0.254036 diff 
H 28.781708 left
H 28.929852 right
D 0.148144 diff 
H 28.951404 left
H 29.131272 left
H 29.184308 right
D 0.2329 diff 
H 29.322104 left
H 29.449128 right
D 0.127028 diff 
H 29.51294 left
H 29.703388 left
H 29.724724 right
D 0.211784 diff 
H 29.88366 left
H 29.957836 right
D 0.074176 diff 
B 3
H 30.074512 left
H 30.233256 right
D 0.15874 diff 
H 30.254796 left
H 30.445248 left
H 30.487716 right
D 0.232924 diff 
H 30.614928 left
H 30.773636 right
D 0.158708 diff 
H 30.7846 left
H 30.99616 left
H 31.028056 right
D 0.243464 diff 
H 31.186988 left
H 31.208328 right
D 0.021348 diff 
H 31.377832 left
H 31.462572 right
D 0.084736 diff 
H 31.558084 left
H 31.653396 right
D 0.095308 diff 
H 31.717212 left
H 31.886504 left
H 31.907836 right
D 0.190624 diff 
H 32.077332 left
H 32.151516 right
D 0.074188 diff 
H 32.268172 left
H 32.3952 right
D 0.127028 diff 
H 32.448444 left
H 32.617748 right
D 0.169296 diff 
H 32.618148 left
H 32.798028 left
H 32.925036 right
D 0.306884 diff 
H 32.978292 left
H 33.168736 left
H 33.179496 right
D 0.201212 diff 
H 33.359564 left
H 33.391464 right
D 0.031908 diff 
H 33.539824 left
H 33.687972 right
D 0.148144 diff 
H 33.730648 left
H 33.878804 right
D 0.14816 diff 
H 33.92148 left
H 34.122472 left
